<?xml version="1.0" encoding="UTF-8"?>
<testsuite xmlns:xsi="http://www.w3.org/2001/XMLSchema-instance" xsi:noNamespaceSchemaLocation="https://maven.apache.org/surefire/maven-failsafe-plugin/xsd/failsafe-test-report-3.0.xsd" version="3.0" name="com.phildev.pcs.integration.RuleNameIT" time="0.389" tests="15" errors="0" skipped="0" failures="0">
  <properties>
[...]
</properties>
  <testcase name="testForbiddenAccessToRuleListForUserRole" classname="com.phildev.pcs.integration.RuleNameIT" time="0.004">
    <system-out><![CDATA[2024-04-22T22:33:49.278+02:00  INFO 9260 --- [           main] t.c.s.AnnotationConfigContextLoaderUtils : Could not detect default configuration classes for test class [com.phildev.pcs.integration.RuleNameIT]: RuleNameIT does not declare any static, non-private, non-final, nested classes annotated with @Configuration.
2024-04-22T22:33:49.280+02:00  INFO 9260 --- [           main] .b.t.c.SpringBootTestContextBootstrapper : Found @SpringBootConfiguration com.phildev.pcs.Application for test class com.phildev.pcs.integration.RuleNameIT
]]></system-out>
  </testcase>
  <testcase name="testUpdatingRuleNameWithExistingRuleNameWithAdminRole" classname="com.phildev.pcs.integration.RuleNameIT" time="0.055">
    <system-out><![CDATA[Hibernate: select rn1_0.id from rulename rn1_0 where rn1_0.name=? limit ?
Hibernate: insert into rulename (description,json,name,sql_part,sql_str,template) values (?,?,?,?,?,?)
2024-04-22T22:33:49.312+02:00  INFO 9260 --- [           main] c.p.pcs.controllers.RuleNameController   : Rule name Rule 18 was successfully saved
Hibernate: select rn1_0.id,rn1_0.description,rn1_0.json,rn1_0.name,rn1_0.sql_part,rn1_0.sql_str,rn1_0.template from rulename rn1_0 where rn1_0.name=?
Hibernate: select rn1_0.id,rn1_0.description,rn1_0.json,rn1_0.name,rn1_0.sql_part,rn1_0.sql_str,rn1_0.template from rulename rn1_0 where rn1_0.id=?
Hibernate: select rn1_0.id from rulename rn1_0 where rn1_0.name=? limit ?
2024-04-22T22:33:49.331+02:00 ERROR 9260 --- [           main] c.p.pcs.controllers.RuleNameController   : Rule already exists with name Rule 1
]]></system-out>
  </testcase>
  <testcase name="testDeletingRuleWithAdminRole" classname="com.phildev.pcs.integration.RuleNameIT" time="0.043">
    <system-out><![CDATA[Hibernate: select rn1_0.id from rulename rn1_0 where rn1_0.name=? limit ?
Hibernate: insert into rulename (description,json,name,sql_part,sql_str,template) values (?,?,?,?,?,?)
2024-04-22T22:33:49.356+02:00  INFO 9260 --- [           main] c.p.pcs.controllers.RuleNameController   : Rule name Rule 10 was successfully saved
Hibernate: select rn1_0.id,rn1_0.description,rn1_0.json,rn1_0.name,rn1_0.sql_part,rn1_0.sql_str,rn1_0.template from rulename rn1_0 where rn1_0.name=?
Hibernate: select rn1_0.id,rn1_0.description,rn1_0.json,rn1_0.name,rn1_0.sql_part,rn1_0.sql_str,rn1_0.template from rulename rn1_0 where rn1_0.id=?
Hibernate: delete from rulename where id=?
Hibernate: select rn1_0.id,rn1_0.description,rn1_0.json,rn1_0.name,rn1_0.sql_part,rn1_0.sql_str,rn1_0.template from rulename rn1_0
Hibernate: select rn1_0.id from rulename rn1_0 where rn1_0.name=? limit ?
]]></system-out>
  </testcase>
  <testcase name="testDeletingTradeWithAdminRole" classname="com.phildev.pcs.integration.RuleNameIT" time="0.021">
    <system-out><![CDATA[Hibernate: select rn1_0.id,rn1_0.description,rn1_0.json,rn1_0.name,rn1_0.sql_part,rn1_0.sql_str,rn1_0.template from rulename rn1_0 where rn1_0.id=?
Hibernate: delete from rulename where id=?
Hibernate: select rn1_0.id,rn1_0.description,rn1_0.json,rn1_0.name,rn1_0.sql_part,rn1_0.sql_str,rn1_0.template from rulename rn1_0
Hibernate: select rn1_0.id,rn1_0.description,rn1_0.json,rn1_0.name,rn1_0.sql_part,rn1_0.sql_str,rn1_0.template from rulename rn1_0 where rn1_0.id=?
]]></system-out>
  </testcase>
  <testcase name="testCreatingRuleWithAdminRole" classname="com.phildev.pcs.integration.RuleNameIT" time="0.032">
    <system-out><![CDATA[Hibernate: select rn1_0.id from rulename rn1_0 where rn1_0.name=? limit ?
Hibernate: insert into rulename (description,json,name,sql_part,sql_str,template) values (?,?,?,?,?,?)
2024-04-22T22:33:49.425+02:00  INFO 9260 --- [           main] c.p.pcs.controllers.RuleNameController   : Rule name Rule 2 was successfully saved
Hibernate: select rn1_0.id from rulename rn1_0 where rn1_0.name=? limit ?
Hibernate: select rn1_0.id,rn1_0.description,rn1_0.json,rn1_0.name,rn1_0.sql_part,rn1_0.sql_str,rn1_0.template from rulename rn1_0
]]></system-out>
  </testcase>
  <testcase name="testUpdatingRuleWithAdminRole" classname="com.phildev.pcs.integration.RuleNameIT" time="0.041">
    <system-out><![CDATA[Hibernate: select rn1_0.id from rulename rn1_0 where rn1_0.name=? limit ?
Hibernate: insert into rulename (description,json,name,sql_part,sql_str,template) values (?,?,?,?,?,?)
2024-04-22T22:33:49.461+02:00  INFO 9260 --- [           main] c.p.pcs.controllers.RuleNameController   : Rule name Rule 7 was successfully saved
Hibernate: select rn1_0.id,rn1_0.description,rn1_0.json,rn1_0.name,rn1_0.sql_part,rn1_0.sql_str,rn1_0.template from rulename rn1_0 where rn1_0.name=?
Hibernate: select rn1_0.id,rn1_0.description,rn1_0.json,rn1_0.name,rn1_0.sql_part,rn1_0.sql_str,rn1_0.template from rulename rn1_0 where rn1_0.id=?
Hibernate: select rn1_0.id from rulename rn1_0 where rn1_0.name=? limit ?
Hibernate: update rulename set description=?,json=?,name=?,sql_part=?,sql_str=?,template=? where id=?
2024-04-22T22:33:49.477+02:00  INFO 9260 --- [           main] c.p.pcs.controllers.RuleNameController   : Rule with id 6 and name Rule 8 updated successfully
Hibernate: select rn1_0.id from rulename rn1_0 where rn1_0.name=? limit ?
Hibernate: select rn1_0.id,rn1_0.description,rn1_0.json,rn1_0.name,rn1_0.sql_part,rn1_0.sql_str,rn1_0.template from rulename rn1_0
Hibernate: select rn1_0.id,rn1_0.description,rn1_0.json,rn1_0.name,rn1_0.sql_part,rn1_0.sql_str,rn1_0.template from rulename rn1_0
]]></system-out>
  </testcase>
  <testcase name="testEmptyRuleNameWithAdminRole(String, String, String, String, String, String, String)[1]" classname="com.phildev.pcs.integration.RuleNameIT" time="0.038">
    <system-out><![CDATA[2024-04-22T22:33:49.560+02:00 ERROR 9260 --- [           main] c.p.pcs.controllers.RuleNameController   : The following errors occurred when trying to save a rule name  : 
name cannot be null or empty

]]></system-out>
  </testcase>
  <testcase name="testEmptyRuleNameWithAdminRole(String, String, String, String, String, String, String)[2]" classname="com.phildev.pcs.integration.RuleNameIT" time="0.01">
    <system-out><![CDATA[2024-04-22T22:33:49.578+02:00 ERROR 9260 --- [           main] c.p.pcs.controllers.RuleNameController   : The following errors occurred when trying to save a rule name  : 
description cannot be null or empty

]]></system-out>
  </testcase>
  <testcase name="testEmptyRuleNameWithAdminRole(String, String, String, String, String, String, String)[3]" classname="com.phildev.pcs.integration.RuleNameIT" time="0.011">
    <system-out><![CDATA[2024-04-22T22:33:49.589+02:00 ERROR 9260 --- [           main] c.p.pcs.controllers.RuleNameController   : The following errors occurred when trying to save a rule name  : 
json cannot be null or empty

]]></system-out>
  </testcase>
  <testcase name="testEmptyRuleNameWithAdminRole(String, String, String, String, String, String, String)[4]" classname="com.phildev.pcs.integration.RuleNameIT" time="0.01">
    <system-out><![CDATA[2024-04-22T22:33:49.599+02:00 ERROR 9260 --- [           main] c.p.pcs.controllers.RuleNameController   : The following errors occurred when trying to save a rule name  : 
template cannot be null or empty

]]></system-out>
  </testcase>
  <testcase name="testAccessToRuleNameUpdatePageForAdminUser" classname="com.phildev.pcs.integration.RuleNameIT" time="0.016">
    <system-out><![CDATA[Hibernate: select rn1_0.id,rn1_0.description,rn1_0.json,rn1_0.name,rn1_0.sql_part,rn1_0.sql_str,rn1_0.template from rulename rn1_0 where rn1_0.id=?

MockHttpServletRequest:
      HTTP Method = GET
      Request URI = /ruleName/update/1
       Parameters = {}
          Headers = []
             Body = null
    Session Attrs = {org.springframework.security.web.csrf.HttpSessionCsrfTokenRepository.CSRF_TOKEN=org.springframework.security.web.csrf.DefaultCsrfToken@6519c4f4, SPRING_SECURITY_CONTEXT=SecurityContextImpl [Authentication=UsernamePasswordAuthenticationToken [Principal=org.springframework.security.core.userdetails.User [Username=user, Password=[PROTECTED], Enabled=true, AccountNonExpired=true, CredentialsNonExpired=true, AccountNonLocked=true, Granted Authorities=[ROLE_ADMIN]], Credentials=[PROTECTED], Authenticated=true, Details=null, Granted Authorities=[ROLE_ADMIN]]]}

Handler:
             Type = com.phildev.pcs.controllers.RuleNameController
           Method = com.phildev.pcs.controllers.RuleNameController#showUpdateForm(Integer, Model, Principal)

Async:
    Async started = false
     Async result = null

Resolved Exception:
             Type = null

ModelAndView:
        View name = ruleName/update
             View = null
        Attribute = connectedUser
            value = user
        Attribute = ruleName
            value = com.phildev.pcs.domain.RuleName@74acc8f8
           errors = []

FlashMap:
       Attributes = null

MockHttpServletResponse:
           Status = 200
    Error message = null
          Headers = [Vary:"Origin", "Access-Control-Request-Method", "Access-Control-Request-Headers", Content-Language:"en", Content-Type:"text/html;charset=UTF-8", X-Content-Type-Options:"nosniff", X-XSS-Protection:"0", Cache-Control:"no-cache, no-store, max-age=0, must-revalidate", Pragma:"no-cache", Expires:"0", X-Frame-Options:"DENY"]
     Content type = text/html;charset=UTF-8
             Body = <!DOCTYPE html>
<html xmlns="http://www.w3.org/1999/xhtml">
<head>
	<meta charset="utf-8"/>
	<title>PCS - Update rule</title>
	<link rel="stylesheet" href="/css/bootstrap.min.css" />
</head>
<body>
<div class="container">
	<div class="row">
		<div class="col-12 d-flex p-0">
			<a href="/bidList/list">Bid List</a>&nbsp;|&nbsp;
			<a href="/curvePoint/list">Curve Points</a>&nbsp;|&nbsp;
			<a href="/rating/list">Ratings</a>&nbsp;|&nbsp;
			<a href="/trade/list">Trade</a>&nbsp;|&nbsp;
			<a href="/ruleName/list">Rule</a>&nbsp;|&nbsp;
			<a href="/user/list">User list</a>
			<div class="ms-auto">Logged in user: <b>user</b>
			</div>
		</div>
	</div>
	<div class="row">
		<form action="/logout" method="POST" class="d-flex justify-content-end p-0"><input type="hidden" name="_csrf" value="uynmWlK0WYp8YUDmLBxVqRR0R7mRbH5zR2ukEO9B-EN2Cn8F2UuDOWTSYLpRAHbVTjFhkSERatuiXUZeflORJ90lwCBHPBw2"/>
			<input type="submit" value="Logout" />
		</form>
	</div>

	<div class="row">
		<h2>Update New Rule</h2>
	</div>

	<div class="row">
		<form action="/ruleName/update/1" method="post" class="form-horizontal" style="width: 100%"><input type="hidden" name="_csrf" value="uynmWlK0WYp8YUDmLBxVqRR0R7mRbH5zR2ukEO9B-EN2Cn8F2UuDOWTSYLpRAHbVTjFhkSERatuiXUZeflORJ90lwCBHPBw2"/>
			<div class="form-group">
				<label for="name" class="col-sm-2 control-label">Name</label>
				<div class="col-sm-10">
					<input type="text" id="name" placeholder="Name" class="col-4" name="name" value="Rule 1">
					
				</div>
			</div>
			<div class="form-group">
				<label for="description" class="col-sm-2 control-label">Description</label>
				<div class="col-sm-10">
					<input type="text" id="description" placeholder="Description" class="col-4" name="description" value="this is rule 1">
					
				</div>
			</div>
			<div class="form-group">
				<label for="json" class="col-sm-2 control-label">Json</label>
				<div class="col-sm-10">
					<input type="text" id="json" placeholder="Json" class="col-4" name="json" value="json 1">
					
				</div>
			</div>
			<div class="form-group">
				<label for="template" class="col-sm-2 control-label">Template</label>
				<div class="col-sm-10">
					<input type="text" id="template" placeholder="Template" class="col-4" name="template" value="template 1">
					
				</div>
			</div>
			<div class="form-group">
				<label for="sql" class="col-sm-2 control-label">SQL</label>
				<div class="col-sm-10">
					<input type="text" id="sql" placeholder="SQL" class="col-4" name="sqlStr" value="select * from rulename;">
					
				</div>
			</div>
			<div class="form-group">
				<label for="sqlPart" class="col-sm-2 control-label">SQL Part</label>
				<div class="col-sm-10">
					<input type="text" id="sqlPart" placeholder="SQL Part" class="col-4" name="sqlPart" value="sql rule 1">
					
				</div>
			</div>


			<div class="form-group">
				<div class="col-sm-12">
					<input type="hidden" id="id" name="id" value="1">
					<a class="btn btn-danger btn-sm" href="/ruleName/list">Cancel</a>
					<input class="btn btn-primary btn-sm" type="submit" value="Update Rule">
				</div>
			</div>
		</form>
	</div>
	<div class="row">
		<div class="d-flex justify-content-end p-0">
			<img src="/images/pcs-banner.PNG" alt="pcs logo" class="img-fluid col-4 col-md-2 ms-auto"/>
		</div>
	</div>

</div>
</body>
</html>
    Forwarded URL = null
   Redirected URL = null
          Cookies = []
]]></system-out>
  </testcase>
  <testcase name="testExistingRuleNameWithAdminRole" classname="com.phildev.pcs.integration.RuleNameIT" time="0.01">
    <system-out><![CDATA[Hibernate: select rn1_0.id from rulename rn1_0 where rn1_0.name=? limit ?
2024-04-22T22:33:49.628+02:00 ERROR 9260 --- [           main] c.p.pcs.controllers.RuleNameController   : Rule already exists with name Rule 1
]]></system-out>
  </testcase>
  <testcase name="testForbiddenAccessToAddRuleNamePageForUserRole" classname="com.phildev.pcs.integration.RuleNameIT" time="0.003"/>
  <testcase name="testAccessToRuleNameListForAdminUser" classname="com.phildev.pcs.integration.RuleNameIT" time="0.022">
    <system-out><![CDATA[Hibernate: select rn1_0.id,rn1_0.description,rn1_0.json,rn1_0.name,rn1_0.sql_part,rn1_0.sql_str,rn1_0.template from rulename rn1_0
]]></system-out>
  </testcase>
  <testcase name="testAccessToRuleNameAddPageForAdminUser" classname="com.phildev.pcs.integration.RuleNameIT" time="0.006">
    <system-out><![CDATA[2024-04-22T22:33:49.661+02:00  INFO 9260 --- [           main] c.p.pcs.controllers.RuleNameController   : Accessing rule name add page with user user

MockHttpServletRequest:
      HTTP Method = GET
      Request URI = /ruleName/add
       Parameters = {}
          Headers = []
             Body = null
    Session Attrs = {org.springframework.security.web.csrf.HttpSessionCsrfTokenRepository.CSRF_TOKEN=org.springframework.security.web.csrf.DefaultCsrfToken@36fe46a0, SPRING_SECURITY_CONTEXT=SecurityContextImpl [Authentication=UsernamePasswordAuthenticationToken [Principal=org.springframework.security.core.userdetails.User [Username=user, Password=[PROTECTED], Enabled=true, AccountNonExpired=true, CredentialsNonExpired=true, AccountNonLocked=true, Granted Authorities=[ROLE_ADMIN]], Credentials=[PROTECTED], Authenticated=true, Details=null, Granted Authorities=[ROLE_ADMIN]]]}

Handler:
             Type = com.phildev.pcs.controllers.RuleNameController
           Method = com.phildev.pcs.controllers.RuleNameController#addRuleForm(Model, Principal)

Async:
    Async started = false
     Async result = null

Resolved Exception:
             Type = null

ModelAndView:
        View name = ruleName/add
             View = null
        Attribute = ruleName
            value = com.phildev.pcs.domain.RuleName@1b5c7b81
           errors = []
        Attribute = connectedUser
            value = user

FlashMap:
       Attributes = null

MockHttpServletResponse:
           Status = 200
    Error message = null
          Headers = [Vary:"Origin", "Access-Control-Request-Method", "Access-Control-Request-Headers", Content-Language:"en", Content-Type:"text/html;charset=UTF-8", X-Content-Type-Options:"nosniff", X-XSS-Protection:"0", Cache-Control:"no-cache, no-store, max-age=0, must-revalidate", Pragma:"no-cache", Expires:"0", X-Frame-Options:"DENY"]
     Content type = text/html;charset=UTF-8
             Body = <!DOCTYPE html>
<html xmlns="http://www.w3.org/1999/xhtml">
<head>
<meta charset="utf-8"/>
<title>PCS - Add rule</title>
<link rel="stylesheet" href="/css/bootstrap.min.css" />
</head>
<body>
<div class="container">
	<div class="row">
		<div class="col-12 d-flex p-0">
			<a href="/bidList/list">Bid List</a>&nbsp;|&nbsp;
			<a href="/curvePoint/list">Curve Points</a>&nbsp;|&nbsp;
			<a href="/rating/list">Ratings</a>&nbsp;|&nbsp;
			<a href="/trade/list">Trade</a>&nbsp;|&nbsp;
			<a href="/ruleName/list">Rule</a>&nbsp;|&nbsp;
			<a href="/user/list">User list</a>
			<div class="ms-auto">Logged in user: <b>user</b>
			</div>
		</div>
	</div>
	<div class="row">
		<form action="/logout" method="POST" class="d-flex justify-content-end p-0"><input type="hidden" name="_csrf" value="S9bIWGLlVXnmm_TzE-cX4LokqDbCmaeHlj0STpmiMySK3xGNcrSralOBNB_LqMGVI8oj1I4QhVT0oJOq8ggieviWBkW96SS1"/>
			<input type="submit" value="Logout" />
		</form>
	</div>

	<div class="row">
		<h2>Add New Rule</h2>
	</div>

	<div class="row">
		<form action="/ruleName/validate" method="post" class="form-horizontal" style="width: 100%"><input type="hidden" name="_csrf" value="S9bIWGLlVXnmm_TzE-cX4LokqDbCmaeHlj0STpmiMySK3xGNcrSralOBNB_LqMGVI8oj1I4QhVT0oJOq8ggieviWBkW96SS1"/>
			<div class="form-group">
				<label for="name" class="col-sm-2 control-label">Name</label>
				<div class="col-sm-10">
					<input type="text" id="name" placeholder="Name" class="col-4" name="name" value="">
					
					
				</div>
			</div>
			<div class="form-group">
				<label for="description" class="col-sm-2 control-label">Description</label>
				<div class="col-sm-10">
					<input type="text" id="description" placeholder="Description" class="col-4" name="description" value="">
					
				</div>
			</div>
			<div class="form-group">
				<label for="json" class="col-sm-2 control-label">Json</label>
				<div class="col-sm-10">
					<input type="text" id="json" placeholder="Json" class="col-4" name="json" value="">
					
				</div>
			</div>
			<div class="form-group">
				<label for="template" class="col-sm-2 control-label">Template</label>
				<div class="col-sm-10">
					<input type="text" id="template" placeholder="Template" class="col-4" name="template" value="">
					
				</div>
			</div>
			<div class="form-group">
				<label for="sql" class="col-sm-2 control-label">SQL</label>
				<div class="col-sm-10">
					<input type="text" id="sql" placeholder="SQL" class="col-4" name="sqlStr" value="">
					
				</div>
			</div>
			<div class="form-group mb-2">
				<label for="sqlPart" class="col-sm-2 control-label">SQL Part</label>
				<div class="col-sm-10">
					<input type="text" id="sqlPart" placeholder="SQL Part" class="col-4" name="sqlPart" value="">
					
				</div>
			</div>


			<div class="form-group">
				<div class="col-sm-12">
					<a class="btn btn-danger btn-sm" href="/ruleName/list">Cancel</a>
					<input class="btn btn-primary btn-sm" type="submit" value="Add Rule">
				</div>
			</div>
		</form>
	</div>
	<div class="row">
		<div class="d-flex justify-content-end p-0">
			<img src="/images/pcs-banner.PNG" alt="pcs logo" class="img-fluid col-4 col-md-2 ms-auto"/>
		</div>
	</div>

</div>
</body>
</html>
    Forwarded URL = null
   Redirected URL = null
          Cookies = []
]]></system-out>
  </testcase>
</testsuite>