<?xml version="1.0" encoding="UTF-8"?>
<testsuite xmlns:xsi="http://www.w3.org/2001/XMLSchema-instance" xsi:noNamespaceSchemaLocation="https://maven.apache.org/surefire/maven-failsafe-plugin/xsd/failsafe-test-report-3.0.xsd" version="3.0" name="com.phildev.pcs.integration.BidListIT" time="13.242" tests="11" errors="0" skipped="0" failures="0">
  <properties>
[...]
</properties>
  <testcase name="testCreatingBidListWithEmptyQuantityReturnsError" classname="com.phildev.pcs.integration.BidListIT" time="1.233">
    <system-out><![CDATA[22:33:35.370 [main] INFO org.springframework.test.context.support.AnnotationConfigContextLoaderUtils -- Could not detect default configuration classes for test class [com.phildev.pcs.integration.BidListIT]: BidListIT does not declare any static, non-private, non-final, nested classes annotated with @Configuration.
22:33:35.704 [main] INFO org.springframework.boot.test.context.SpringBootTestContextBootstrapper -- Found @SpringBootConfiguration com.phildev.pcs.Application for test class com.phildev.pcs.integration.BidListIT
22:33:36.101 [main] INFO org.springframework.boot.devtools.restart.RestartApplicationListener -- Restart disabled due to context in which it is running

  .   ____          _            __ _ _
 /\\ / ___'_ __ _ _(_)_ __  __ _ \ \ \ \
( ( )\___ | '_ | '_| | '_ \/ _` | \ \ \ \
 \\/  ___)| |_)| | | | | || (_| |  ) ) ) )
  '  |____| .__|_| |_|_| |_\__, | / / / /
 =========|_|==============|___/=/_/_/_/
 :: Spring Boot ::                (v3.2.4)

2024-04-22T22:33:36.581+02:00  INFO 9260 --- [           main] com.phildev.pcs.integration.BidListIT    : Starting BidListIT using Java 21.0.1 with PID 9260 (started by B294LQ in C:\Users\B294LQ\OneDrive - AXA\Desktop\Formation Java\Projet 7\PCS-PM\Poseidon-PM)
2024-04-22T22:33:36.585+02:00  INFO 9260 --- [           main] com.phildev.pcs.integration.BidListIT    : No active profile set, falling back to 1 default profile: "default"
2024-04-22T22:33:38.452+02:00  INFO 9260 --- [           main] .s.d.r.c.RepositoryConfigurationDelegate : Bootstrapping Spring Data JPA repositories in DEFAULT mode.
2024-04-22T22:33:38.556+02:00  INFO 9260 --- [           main] .s.d.r.c.RepositoryConfigurationDelegate : Finished Spring Data repository scanning in 92 ms. Found 6 JPA repository interfaces.
2024-04-22T22:33:39.691+02:00  INFO 9260 --- [           main] o.hibernate.jpa.internal.util.LogHelper  : HHH000204: Processing PersistenceUnitInfo [name: default]
2024-04-22T22:33:39.897+02:00  INFO 9260 --- [           main] org.hibernate.Version                    : HHH000412: Hibernate ORM core version 6.4.4.Final
2024-04-22T22:33:40.029+02:00  INFO 9260 --- [           main] o.h.c.internal.RegionFactoryInitiator    : HHH000026: Second-level cache disabled
2024-04-22T22:33:40.621+02:00  INFO 9260 --- [           main] o.s.o.j.p.SpringPersistenceUnitInfo      : No LoadTimeWeaver setup: ignoring JPA class transformer
2024-04-22T22:33:40.676+02:00  INFO 9260 --- [           main] com.zaxxer.hikari.HikariDataSource       : HikariPool-1 - Starting...
2024-04-22T22:33:41.420+02:00  INFO 9260 --- [           main] com.zaxxer.hikari.pool.HikariPool        : HikariPool-1 - Added connection com.mysql.cj.jdbc.ConnectionImpl@6cf782b6
2024-04-22T22:33:41.429+02:00  INFO 9260 --- [           main] com.zaxxer.hikari.HikariDataSource       : HikariPool-1 - Start completed.
2024-04-22T22:33:43.569+02:00  INFO 9260 --- [           main] o.h.e.t.j.p.i.JtaPlatformInitiator       : HHH000489: No JTA platform available (set 'hibernate.transaction.jta.platform' to enable JTA platform integration)
Hibernate: drop table if exists bidlist
Hibernate: drop table if exists curvepoint
Hibernate: drop table if exists rating
Hibernate: drop table if exists rulename
Hibernate: drop table if exists trade
Hibernate: drop table if exists users
Hibernate: create table bidlist (ask float(53), ask_quantity float(53), bid float(53), bid_list_id integer not null auto_increment, bid_quantity float(53) not null, revision_date time(6), bid_list_date datetime(6), creation_date datetime(6), account varchar(255), benchmark varchar(255), book varchar(255), commentary varchar(255), creation_name varchar(255), deal_name varchar(255), deal_type varchar(255), revision_name varchar(255), security varchar(255), side varchar(255), source_list_id varchar(255), status varchar(255), trader varchar(255), type varchar(255), primary key (bid_list_id)) engine=InnoDB
Hibernate: create table curvepoint (id integer not null auto_increment, term float(53) not null, value float(53) not null, as_of_date datetime(6), creation_date datetime(6), primary key (id)) engine=InnoDB
Hibernate: create table rating (id integer not null auto_increment, order_number integer not null check (order_number>=1), fitch_rating varchar(255), moodys_rating varchar(255), sandprating varchar(255), primary key (id)) engine=InnoDB
Hibernate: create table rulename (id integer not null auto_increment, description varchar(255), json varchar(255), name varchar(255), sql_part varchar(255), sql_str varchar(255), template varchar(255), primary key (id)) engine=InnoDB
Hibernate: create table trade (buy_price float(53), buy_quantity float(53) not null, sell_price float(53), sell_quantity float(53), trade_id integer not null auto_increment, creation_date datetime(6), revision_date datetime(6), trade_date datetime(6), account varchar(255), benchmark varchar(255), book varchar(255), creation_name varchar(255), deal_name varchar(255), deal_type varchar(255), revision_name varchar(255), security varchar(255), side varchar(255), source_list_id varchar(255), status varchar(255), trader varchar(255), type varchar(255), primary key (trade_id)) engine=InnoDB
Hibernate: create table users (id integer not null auto_increment, fullname varchar(255), password varchar(255), role varchar(255), username varchar(255), primary key (id)) engine=InnoDB
2024-04-22T22:33:43.780+02:00  INFO 9260 --- [           main] j.LocalContainerEntityManagerFactoryBean : Initialized JPA EntityManagerFactory for persistence unit 'default'
2024-04-22T22:33:44.680+02:00  WARN 9260 --- [           main] JpaBaseConfiguration$JpaWebConfiguration : spring.jpa.open-in-view is enabled by default. Therefore, database queries may be performed during view rendering. Explicitly configure spring.jpa.open-in-view to disable this warning
2024-04-22T22:33:45.320+02:00  INFO 9260 --- [           main] o.s.s.web.DefaultSecurityFilterChain     : Will secure any request with [org.springframework.security.web.session.DisableEncodeUrlFilter@349953cd, org.springframework.security.web.context.request.async.WebAsyncManagerIntegrationFilter@5fb83ec7, org.springframework.security.web.context.SecurityContextHolderFilter@7c4a83cb, org.springframework.security.web.header.HeaderWriterFilter@14446fec, org.springframework.web.filter.CorsFilter@12cdbea0, org.springframework.security.web.csrf.CsrfFilter@1c0cea8e, org.springframework.security.web.authentication.logout.LogoutFilter@45ca73a0, org.springframework.security.web.authentication.UsernamePasswordAuthenticationFilter@1c09921a, org.springframework.security.web.session.ConcurrentSessionFilter@e10da5f, org.springframework.security.web.savedrequest.RequestCacheAwareFilter@3c62183b, org.springframework.security.web.servletapi.SecurityContextHolderAwareRequestFilter@5305e9cc, org.springframework.security.web.authentication.AnonymousAuthenticationFilter@7f14dc05, org.springframework.security.web.session.SessionManagementFilter@5fe01354, org.springframework.security.web.access.ExceptionTranslationFilter@7b69fcb8, org.springframework.security.web.access.intercept.AuthorizationFilter@31695a9]
2024-04-22T22:33:45.330+02:00  WARN 9260 --- [           main] o.s.s.c.a.web.builders.WebSecurity       : You are asking Spring Security to ignore Ant [pattern='/css/**']. This is not recommended -- please use permitAll via HttpSecurity#authorizeHttpRequests instead.
2024-04-22T22:33:45.330+02:00  INFO 9260 --- [           main] o.s.s.web.DefaultSecurityFilterChain     : Will not secure Ant [pattern='/css/**']
2024-04-22T22:33:45.330+02:00  WARN 9260 --- [           main] o.s.s.c.a.web.builders.WebSecurity       : You are asking Spring Security to ignore Ant [pattern='/images/**']. This is not recommended -- please use permitAll via HttpSecurity#authorizeHttpRequests instead.
2024-04-22T22:33:45.330+02:00  INFO 9260 --- [           main] o.s.s.web.DefaultSecurityFilterChain     : Will not secure Ant [pattern='/images/**']
2024-04-22T22:33:45.330+02:00  WARN 9260 --- [           main] o.s.s.c.a.web.builders.WebSecurity       : You are asking Spring Security to ignore Ant [pattern='/js/**']. This is not recommended -- please use permitAll via HttpSecurity#authorizeHttpRequests instead.
2024-04-22T22:33:45.330+02:00  INFO 9260 --- [           main] o.s.s.web.DefaultSecurityFilterChain     : Will not secure Ant [pattern='/js/**']
2024-04-22T22:33:46.007+02:00  INFO 9260 --- [           main] o.s.b.t.m.w.SpringBootMockServletContext : Initializing Spring TestDispatcherServlet ''
2024-04-22T22:33:46.007+02:00  INFO 9260 --- [           main] o.s.t.web.servlet.TestDispatcherServlet  : Initializing Servlet ''
2024-04-22T22:33:46.008+02:00  INFO 9260 --- [           main] o.s.t.web.servlet.TestDispatcherServlet  : Completed initialization in 1 ms
2024-04-22T22:33:46.029+02:00  INFO 9260 --- [           main] com.phildev.pcs.integration.BidListIT    : Started BidListIT in 9.952 seconds (process running for 13.291)
2024-04-22T22:33:46.872+02:00 ERROR 9260 --- [           main] c.p.pcs.controllers.BidListController    : The following errors occurred when trying to save a bid bid quantity cannot be null


MockHttpServletRequest:
      HTTP Method = POST
      Request URI = /bidList/validate
       Parameters = {account=[112255], type=[bid test], bidQuantity=[], _csrf=[eJS-Qms70BT_HzQc01bzJzwEqLQEDj4gC1c-0FaFAtDU7rcHTffbJFIItnDSJwwk4nvHEA8xhYxiaA8NPWEHtmXjZ7Xj24I3]}
          Headers = [Content-Type:"application/x-www-form-urlencoded;charset=UTF-8"]
             Body = null
    Session Attrs = {SPRING_SECURITY_CONTEXT=SecurityContextImpl [Authentication=UsernamePasswordAuthenticationToken [Principal=org.springframework.security.core.userdetails.User [Username=user, Password=[PROTECTED], Enabled=true, AccountNonExpired=true, CredentialsNonExpired=true, AccountNonLocked=true, Granted Authorities=[ROLE_ADMIN]], Credentials=[PROTECTED], Authenticated=true, Details=null, Granted Authorities=[ROLE_ADMIN]]]}

Handler:
             Type = com.phildev.pcs.controllers.BidListController
           Method = com.phildev.pcs.controllers.BidListController#validate(BidList, BindingResult, Model, Principal)

Async:
    Async started = false
     Async result = null

Resolved Exception:
             Type = null

ModelAndView:
        View name = bidList/add
             View = null
        Attribute = bidList
            value = com.phildev.pcs.domain.BidList@247f409d
           errors = [Field error in object 'bidList' on field 'bidQuantity': rejected value [null]; codes [NotNull.bidList.bidQuantity,NotNull.bidQuantity,NotNull.java.lang.Double,NotNull]; arguments [org.springframework.context.support.DefaultMessageSourceResolvable: codes [bidList.bidQuantity,bidQuantity]; arguments []; default message [bidQuantity]]; default message [bid quantity cannot be null]]

FlashMap:
       Attributes = null

MockHttpServletResponse:
           Status = 200
    Error message = null
          Headers = [Vary:"Origin", "Access-Control-Request-Method", "Access-Control-Request-Headers", Content-Language:"en", Content-Type:"text/html;charset=UTF-8", X-Content-Type-Options:"nosniff", X-XSS-Protection:"0", Cache-Control:"no-cache, no-store, max-age=0, must-revalidate", Pragma:"no-cache", Expires:"0", X-Frame-Options:"DENY"]
     Content type = text/html;charset=UTF-8
             Body = <!DOCTYPE html>
<html xmlns="http://www.w3.org/1999/xhtml">
<head>
<meta charset="utf-8"/>
<title>PCS - Add bid</title>
<link rel="stylesheet" href="/css/bootstrap.min.css" >
</head>
<body>
<div class="container">
	<div class="row">
		<div class="col-12 d-flex p-0">
			<a href="/bidList/list">Bid List</a>&nbsp;|&nbsp;
			<a href="/curvePoint/list">Curve Points</a>&nbsp;|&nbsp;
			<a href="/rating/list">Ratings</a>&nbsp;|&nbsp;
			<a href="/trade/list">Trade</a>&nbsp;|&nbsp;
			<a href="/ruleName/list">Rule</a>&nbsp;|&nbsp;
			<a href="/user/list">User list</a>
			<div class="ms-auto">Logged in user: <b></b>
			</div>
		</div>
	</div>
	<div class="row">
		<form action="/logout" method="POST" class="d-flex justify-content-end p-0"><input type="hidden" name="_csrf" value="1cWeExHldzmiHzekBfXrvXLxSZw0P49yO9h8T-JDLgz4VYDt4Kb7dSjWEV2PJw-cNNjfikHEZKRSWb5fDe5FKdElS2nPYLXd"/>
			<input type="submit" value="Logout" />
		</form>
	</div>

	<div class="row">
		<h2>Add New Bid</h2>
	</div>

	<div class="row">
		<form action="/bidList/validate" method="post" class="form-horizontal" style="width: 100%"><input type="hidden" name="_csrf" value="1cWeExHldzmiHzekBfXrvXLxSZw0P49yO9h8T-JDLgz4VYDt4Kb7dSjWEV2PJw-cNNjfikHEZKRSWb5fDe5FKdElS2nPYLXd"/>
			<div class="form-group">
				<label for="account" class="col-sm-2 control-label">Account</label>
				<div class="col-sm-10">
					<input type="text" id="account" placeholder="Account" class="col-4" name="account" value="112255">
					
				</div>
			</div>
			<div class="form-group">
				<label for="type" class="col-sm-2 control-label">Type</label>
				<div class="col-sm-10">
					<input type="text" id="type" placeholder="Type" class="col-4" name="type" value="bid test">
					
				</div>
			</div>
			<div class="form-group mb-2">
				<label for="bidQuantity" class="col-sm-2 control-label">Bid Quantity</label>
				<div class="col-sm-10">
					<input type="number" min=1.00 step=0.1 id="bidQuantity" placeholder="Bid Quantity" class="col-4" name="bidQuantity" value="">
					<p class="text-danger">bid quantity cannot be null</p>
				</div>
			</div>


			<div class="form-group">
				<div class="col-sm-12">
					<a class="btn btn-danger btn-sm" href="/bidList/list">Cancel</a>
					<input class="btn btn-primary btn-sm" type="submit" value="Add Bid List">
				</div>
			</div>
		</form>
	</div>
	<div class="row">
		<div class="d-flex justify-content-end p-0">
			<img src="/images/pcs-banner.PNG" alt="pcs logo" class="img-fluid col-4 col-md-2 ms-auto"/>
		</div>
	</div>

</div>
</body>
</html>
    Forwarded URL = null
   Redirected URL = null
          Cookies = []
]]></system-out>
    <system-err><![CDATA[WARNING: A Java agent has been loaded dynamically (C:\Users\B294LQ\.m2\repository\net\bytebuddy\byte-buddy-agent\1.14.12\byte-buddy-agent-1.14.12.jar)
WARNING: If a serviceability tool is in use, please run with -XX:+EnableDynamicAgentLoading to hide this warning
WARNING: If a serviceability tool is not in use, please run with -Djdk.instrument.traceUsage for more information
WARNING: Dynamic loading of agents will be disallowed by default in a future release
]]></system-err>
  </testcase>
  <testcase name="testAccessToBidListForAdminUser" classname="com.phildev.pcs.integration.BidListIT" time="0.199">
    <system-out><![CDATA[Hibernate: select bl1_0.bid_list_id,bl1_0.account,bl1_0.ask,bl1_0.ask_quantity,bl1_0.benchmark,bl1_0.bid,bl1_0.bid_list_date,bl1_0.bid_quantity,bl1_0.book,bl1_0.commentary,bl1_0.creation_date,bl1_0.creation_name,bl1_0.deal_name,bl1_0.deal_type,bl1_0.revision_date,bl1_0.revision_name,bl1_0.security,bl1_0.side,bl1_0.source_list_id,bl1_0.status,bl1_0.trader,bl1_0.type from bidlist bl1_0
]]></system-out>
  </testcase>
  <testcase name="testDeletingBidList3WithAdminRole" classname="com.phildev.pcs.integration.BidListIT" time="0.11">
    <system-out><![CDATA[Hibernate: select bl1_0.bid_list_id,bl1_0.account,bl1_0.ask,bl1_0.ask_quantity,bl1_0.benchmark,bl1_0.bid,bl1_0.bid_list_date,bl1_0.bid_quantity,bl1_0.book,bl1_0.commentary,bl1_0.creation_date,bl1_0.creation_name,bl1_0.deal_name,bl1_0.deal_type,bl1_0.revision_date,bl1_0.revision_name,bl1_0.security,bl1_0.side,bl1_0.source_list_id,bl1_0.status,bl1_0.trader,bl1_0.type from bidlist bl1_0 where bl1_0.bid_list_id=?
Hibernate: delete from bidlist where bid_list_id=?
Hibernate: select bl1_0.bid_list_id,bl1_0.account,bl1_0.ask,bl1_0.ask_quantity,bl1_0.benchmark,bl1_0.bid,bl1_0.bid_list_date,bl1_0.bid_quantity,bl1_0.book,bl1_0.commentary,bl1_0.creation_date,bl1_0.creation_name,bl1_0.deal_name,bl1_0.deal_type,bl1_0.revision_date,bl1_0.revision_name,bl1_0.security,bl1_0.side,bl1_0.source_list_id,bl1_0.status,bl1_0.trader,bl1_0.type from bidlist bl1_0
2024-04-22T22:33:47.584+02:00  INFO 9260 --- [           main] c.p.pcs.controllers.BidListController    : Bid was deleted successfully for id 3 and user user
Hibernate: select bl1_0.bid_list_id,bl1_0.account,bl1_0.ask,bl1_0.ask_quantity,bl1_0.benchmark,bl1_0.bid,bl1_0.bid_list_date,bl1_0.bid_quantity,bl1_0.book,bl1_0.commentary,bl1_0.creation_date,bl1_0.creation_name,bl1_0.deal_name,bl1_0.deal_type,bl1_0.revision_date,bl1_0.revision_name,bl1_0.security,bl1_0.side,bl1_0.source_list_id,bl1_0.status,bl1_0.trader,bl1_0.type from bidlist bl1_0 where bl1_0.bid_list_id=?
]]></system-out>
  </testcase>
  <testcase name="testForbiddenAccessToAddBidPageForUserRole" classname="com.phildev.pcs.integration.BidListIT" time="0.004"/>
  <testcase name="testUpdatingBidList4WithAdminRole" classname="com.phildev.pcs.integration.BidListIT" time="0.109">
    <system-out><![CDATA[Hibernate: select bl1_0.bid_list_id,bl1_0.account,bl1_0.ask,bl1_0.ask_quantity,bl1_0.benchmark,bl1_0.bid,bl1_0.bid_list_date,bl1_0.bid_quantity,bl1_0.book,bl1_0.commentary,bl1_0.creation_date,bl1_0.creation_name,bl1_0.deal_name,bl1_0.deal_type,bl1_0.revision_date,bl1_0.revision_name,bl1_0.security,bl1_0.side,bl1_0.source_list_id,bl1_0.status,bl1_0.trader,bl1_0.type from bidlist bl1_0 where bl1_0.bid_list_id=?
Hibernate: update bidlist set account=?,ask=?,ask_quantity=?,benchmark=?,bid=?,bid_list_date=?,bid_quantity=?,book=?,commentary=?,creation_date=?,creation_name=?,deal_name=?,deal_type=?,revision_date=?,revision_name=?,security=?,side=?,source_list_id=?,status=?,trader=?,type=? where bid_list_id=?
2024-04-22T22:33:47.632+02:00  INFO 9260 --- [           main] c.p.pcs.controllers.BidListController    : Bid was saved successfully with current id 5 for user user
Hibernate: select bl1_0.bid_list_id,bl1_0.account,bl1_0.ask,bl1_0.ask_quantity,bl1_0.benchmark,bl1_0.bid,bl1_0.bid_list_date,bl1_0.bid_quantity,bl1_0.book,bl1_0.commentary,bl1_0.creation_date,bl1_0.creation_name,bl1_0.deal_name,bl1_0.deal_type,bl1_0.revision_date,bl1_0.revision_name,bl1_0.security,bl1_0.side,bl1_0.source_list_id,bl1_0.status,bl1_0.trader,bl1_0.type from bidlist bl1_0 where bl1_0.bid_list_id=?
]]></system-out>
  </testcase>
  <testcase name="testAccessToBidAddPageForAdminUser" classname="com.phildev.pcs.integration.BidListIT" time="0.026">
    <system-out><![CDATA[
MockHttpServletRequest:
      HTTP Method = GET
      Request URI = /bidList/add
       Parameters = {}
          Headers = []
             Body = null
    Session Attrs = {org.springframework.security.web.csrf.HttpSessionCsrfTokenRepository.CSRF_TOKEN=org.springframework.security.web.csrf.DefaultCsrfToken@4054ec38, SPRING_SECURITY_CONTEXT=SecurityContextImpl [Authentication=UsernamePasswordAuthenticationToken [Principal=org.springframework.security.core.userdetails.User [Username=user, Password=[PROTECTED], Enabled=true, AccountNonExpired=true, CredentialsNonExpired=true, AccountNonLocked=true, Granted Authorities=[ROLE_ADMIN]], Credentials=[PROTECTED], Authenticated=true, Details=null, Granted Authorities=[ROLE_ADMIN]]]}

Handler:
             Type = com.phildev.pcs.controllers.BidListController
           Method = com.phildev.pcs.controllers.BidListController#addBidForm(Model, Principal)

Async:
    Async started = false
     Async result = null

Resolved Exception:
             Type = null

ModelAndView:
        View name = bidList/add
             View = null
        Attribute = bidList
            value = com.phildev.pcs.domain.BidList@1ad08abd
           errors = []
        Attribute = connectedUser
            value = user

FlashMap:
       Attributes = null

MockHttpServletResponse:
           Status = 200
    Error message = null
          Headers = [Vary:"Origin", "Access-Control-Request-Method", "Access-Control-Request-Headers", Content-Language:"en", Content-Type:"text/html;charset=UTF-8", X-Content-Type-Options:"nosniff", X-XSS-Protection:"0", Cache-Control:"no-cache, no-store, max-age=0, must-revalidate", Pragma:"no-cache", Expires:"0", X-Frame-Options:"DENY"]
     Content type = text/html;charset=UTF-8
             Body = <!DOCTYPE html>
<html xmlns="http://www.w3.org/1999/xhtml">
<head>
<meta charset="utf-8"/>
<title>PCS - Add bid</title>
<link rel="stylesheet" href="/css/bootstrap.min.css" >
</head>
<body>
<div class="container">
	<div class="row">
		<div class="col-12 d-flex p-0">
			<a href="/bidList/list">Bid List</a>&nbsp;|&nbsp;
			<a href="/curvePoint/list">Curve Points</a>&nbsp;|&nbsp;
			<a href="/rating/list">Ratings</a>&nbsp;|&nbsp;
			<a href="/trade/list">Trade</a>&nbsp;|&nbsp;
			<a href="/ruleName/list">Rule</a>&nbsp;|&nbsp;
			<a href="/user/list">User list</a>
			<div class="ms-auto">Logged in user: <b>user</b>
			</div>
		</div>
	</div>
	<div class="row">
		<form action="/logout" method="POST" class="d-flex justify-content-end p-0"><input type="hidden" name="_csrf" value="5gFoWJ7p96woPZkB156Hz6h0DFM3IvrehIj9DRt0_C2gMLRR0DJfaP3RzpgFDf1l57Oz9s0VITJSRsjz4u2YaXoVxBWTUoZg"/>
			<input type="submit" value="Logout" />
		</form>
	</div>

	<div class="row">
		<h2>Add New Bid</h2>
	</div>

	<div class="row">
		<form action="/bidList/validate" method="post" class="form-horizontal" style="width: 100%"><input type="hidden" name="_csrf" value="5gFoWJ7p96woPZkB156Hz6h0DFM3IvrehIj9DRt0_C2gMLRR0DJfaP3RzpgFDf1l57Oz9s0VITJSRsjz4u2YaXoVxBWTUoZg"/>
			<div class="form-group">
				<label for="account" class="col-sm-2 control-label">Account</label>
				<div class="col-sm-10">
					<input type="text" id="account" placeholder="Account" class="col-4" name="account" value="">
					
				</div>
			</div>
			<div class="form-group">
				<label for="type" class="col-sm-2 control-label">Type</label>
				<div class="col-sm-10">
					<input type="text" id="type" placeholder="Type" class="col-4" name="type" value="">
					
				</div>
			</div>
			<div class="form-group mb-2">
				<label for="bidQuantity" class="col-sm-2 control-label">Bid Quantity</label>
				<div class="col-sm-10">
					<input type="number" min=1.00 step=0.1 id="bidQuantity" placeholder="Bid Quantity" class="col-4" name="bidQuantity" value="">
					
				</div>
			</div>


			<div class="form-group">
				<div class="col-sm-12">
					<a class="btn btn-danger btn-sm" href="/bidList/list">Cancel</a>
					<input class="btn btn-primary btn-sm" type="submit" value="Add Bid List">
				</div>
			</div>
		</form>
	</div>
	<div class="row">
		<div class="d-flex justify-content-end p-0">
			<img src="/images/pcs-banner.PNG" alt="pcs logo" class="img-fluid col-4 col-md-2 ms-auto"/>
		</div>
	</div>

</div>
</body>
</html>
    Forwarded URL = null
   Redirected URL = null
          Cookies = []
]]></system-out>
  </testcase>
  <testcase name="testCreatingBidListWithAdminRole" classname="com.phildev.pcs.integration.BidListIT" time="0.085">
    <system-out><![CDATA[Hibernate: insert into bidlist (account,ask,ask_quantity,benchmark,bid,bid_list_date,bid_quantity,book,commentary,creation_date,creation_name,deal_name,deal_type,revision_date,revision_name,security,side,source_list_id,status,trader,type) values (?,?,?,?,?,?,?,?,?,?,?,?,?,?,?,?,?,?,?,?,?)
2024-04-22T22:33:47.766+02:00  INFO 9260 --- [           main] c.p.pcs.controllers.BidListController    : Bid  for account 998877 was saved successfully for user user
Hibernate: select bl1_0.bid_list_id,bl1_0.account,bl1_0.ask,bl1_0.ask_quantity,bl1_0.benchmark,bl1_0.bid,bl1_0.bid_list_date,bl1_0.bid_quantity,bl1_0.book,bl1_0.commentary,bl1_0.creation_date,bl1_0.creation_name,bl1_0.deal_name,bl1_0.deal_type,bl1_0.revision_date,bl1_0.revision_name,bl1_0.security,bl1_0.side,bl1_0.source_list_id,bl1_0.status,bl1_0.trader,bl1_0.type from bidlist bl1_0 where bl1_0.account=? and bl1_0.type=?
]]></system-out>
  </testcase>
  <testcase name="testCreatingBidListWithEmptyFieldsReturnsErrors" classname="com.phildev.pcs.integration.BidListIT" time="0.009">
    <system-out><![CDATA[2024-04-22T22:33:47.827+02:00 ERROR 9260 --- [           main] c.p.pcs.controllers.BidListController    : The following errors occurred when trying to save a bid account cannot be null or empty
type cannot be null or empty
bid quantity cannot be null


MockHttpServletRequest:
      HTTP Method = POST
      Request URI = /bidList/validate
       Parameters = {account=[], type=[], bidQuantity=[], _csrf=[fJ18jf1X5wsK2y9Xmz7ZLsFXTWNhBA-bQlaeO45wPJddzbHDGflIuJgyhTsn405lrRPtS6VjYFtQZTy2dGb6CugSBaJqr4L2]}
          Headers = [Content-Type:"application/x-www-form-urlencoded;charset=UTF-8"]
             Body = null
    Session Attrs = {SPRING_SECURITY_CONTEXT=SecurityContextImpl [Authentication=UsernamePasswordAuthenticationToken [Principal=org.springframework.security.core.userdetails.User [Username=user, Password=[PROTECTED], Enabled=true, AccountNonExpired=true, CredentialsNonExpired=true, AccountNonLocked=true, Granted Authorities=[ROLE_ADMIN]], Credentials=[PROTECTED], Authenticated=true, Details=null, Granted Authorities=[ROLE_ADMIN]]]}

Handler:
             Type = com.phildev.pcs.controllers.BidListController
           Method = com.phildev.pcs.controllers.BidListController#validate(BidList, BindingResult, Model, Principal)

Async:
    Async started = false
     Async result = null

Resolved Exception:
             Type = null

ModelAndView:
        View name = bidList/add
             View = null
        Attribute = bidList
            value = com.phildev.pcs.domain.BidList@5555496b
           errors = [Field error in object 'bidList' on field 'account': rejected value []; codes [NotBlank.bidList.account,NotBlank.account,NotBlank.java.lang.String,NotBlank]; arguments [org.springframework.context.support.DefaultMessageSourceResolvable: codes [bidList.account,account]; arguments []; default message [account]]; default message [account cannot be null or empty], Field error in object 'bidList' on field 'type': rejected value []; codes [NotBlank.bidList.type,NotBlank.type,NotBlank.java.lang.String,NotBlank]; arguments [org.springframework.context.support.DefaultMessageSourceResolvable: codes [bidList.type,type]; arguments []; default message [type]]; default message [type cannot be null or empty], Field error in object 'bidList' on field 'bidQuantity': rejected value [null]; codes [NotNull.bidList.bidQuantity,NotNull.bidQuantity,NotNull.java.lang.Double,NotNull]; arguments [org.springframework.context.support.DefaultMessageSourceResolvable: codes [bidList.bidQuantity,bidQuantity]; arguments []; default message [bidQuantity]]; default message [bid quantity cannot be null]]

FlashMap:
       Attributes = null

MockHttpServletResponse:
           Status = 200
    Error message = null
          Headers = [Vary:"Origin", "Access-Control-Request-Method", "Access-Control-Request-Headers", Content-Language:"en", Content-Type:"text/html;charset=UTF-8", X-Content-Type-Options:"nosniff", X-XSS-Protection:"0", Cache-Control:"no-cache, no-store, max-age=0, must-revalidate", Pragma:"no-cache", Expires:"0", X-Frame-Options:"DENY"]
     Content type = text/html;charset=UTF-8
             Body = <!DOCTYPE html>
<html xmlns="http://www.w3.org/1999/xhtml">
<head>
<meta charset="utf-8"/>
<title>PCS - Add bid</title>
<link rel="stylesheet" href="/css/bootstrap.min.css" >
</head>
<body>
<div class="container">
	<div class="row">
		<div class="col-12 d-flex p-0">
			<a href="/bidList/list">Bid List</a>&nbsp;|&nbsp;
			<a href="/curvePoint/list">Curve Points</a>&nbsp;|&nbsp;
			<a href="/rating/list">Ratings</a>&nbsp;|&nbsp;
			<a href="/trade/list">Trade</a>&nbsp;|&nbsp;
			<a href="/ruleName/list">Rule</a>&nbsp;|&nbsp;
			<a href="/user/list">User list</a>
			<div class="ms-auto">Logged in user: <b></b>
			</div>
		</div>
	</div>
	<div class="row">
		<form action="/logout" method="POST" class="d-flex justify-content-end p-0"><input type="hidden" name="_csrf" value="-8-YdgiyAy7bDJ2GprBWNgaG5PJL5WQOVvrQ0t952GzdlXbgnqusQ23XYR72NPy0kJ1iU2Kyycp6hFcjYMq047kb4Vnq90XV"/>
			<input type="submit" value="Logout" />
		</form>
	</div>

	<div class="row">
		<h2>Add New Bid</h2>
	</div>

	<div class="row">
		<form action="/bidList/validate" method="post" class="form-horizontal" style="width: 100%"><input type="hidden" name="_csrf" value="-8-YdgiyAy7bDJ2GprBWNgaG5PJL5WQOVvrQ0t952GzdlXbgnqusQ23XYR72NPy0kJ1iU2Kyycp6hFcjYMq047kb4Vnq90XV"/>
			<div class="form-group">
				<label for="account" class="col-sm-2 control-label">Account</label>
				<div class="col-sm-10">
					<input type="text" id="account" placeholder="Account" class="col-4" name="account" value="">
					<p class="text-danger">account cannot be null or empty</p>
				</div>
			</div>
			<div class="form-group">
				<label for="type" class="col-sm-2 control-label">Type</label>
				<div class="col-sm-10">
					<input type="text" id="type" placeholder="Type" class="col-4" name="type" value="">
					<p class="text-danger">type cannot be null or empty</p>
				</div>
			</div>
			<div class="form-group mb-2">
				<label for="bidQuantity" class="col-sm-2 control-label">Bid Quantity</label>
				<div class="col-sm-10">
					<input type="number" min=1.00 step=0.1 id="bidQuantity" placeholder="Bid Quantity" class="col-4" name="bidQuantity" value="">
					<p class="text-danger">bid quantity cannot be null</p>
				</div>
			</div>


			<div class="form-group">
				<div class="col-sm-12">
					<a class="btn btn-danger btn-sm" href="/bidList/list">Cancel</a>
					<input class="btn btn-primary btn-sm" type="submit" value="Add Bid List">
				</div>
			</div>
		</form>
	</div>
	<div class="row">
		<div class="d-flex justify-content-end p-0">
			<img src="/images/pcs-banner.PNG" alt="pcs logo" class="img-fluid col-4 col-md-2 ms-auto"/>
		</div>
	</div>

</div>
</body>
</html>
    Forwarded URL = null
   Redirected URL = null
          Cookies = []
]]></system-out>
  </testcase>
  <testcase name="testAccessToBidUpdatePageForAdminUser" classname="com.phildev.pcs.integration.BidListIT" time="0.036">
    <system-out><![CDATA[Hibernate: select bl1_0.bid_list_id,bl1_0.account,bl1_0.ask,bl1_0.ask_quantity,bl1_0.benchmark,bl1_0.bid,bl1_0.bid_list_date,bl1_0.bid_quantity,bl1_0.book,bl1_0.commentary,bl1_0.creation_date,bl1_0.creation_name,bl1_0.deal_name,bl1_0.deal_type,bl1_0.revision_date,bl1_0.revision_name,bl1_0.security,bl1_0.side,bl1_0.source_list_id,bl1_0.status,bl1_0.trader,bl1_0.type from bidlist bl1_0 where bl1_0.bid_list_id=?

MockHttpServletRequest:
      HTTP Method = GET
      Request URI = /bidList/update/1
       Parameters = {}
          Headers = []
             Body = null
    Session Attrs = {org.springframework.security.web.csrf.HttpSessionCsrfTokenRepository.CSRF_TOKEN=org.springframework.security.web.csrf.DefaultCsrfToken@29c8f8bc, SPRING_SECURITY_CONTEXT=SecurityContextImpl [Authentication=UsernamePasswordAuthenticationToken [Principal=org.springframework.security.core.userdetails.User [Username=admin83, Password=[PROTECTED], Enabled=true, AccountNonExpired=true, CredentialsNonExpired=true, AccountNonLocked=true, Granted Authorities=[ROLE_ADMIN]], Credentials=[PROTECTED], Authenticated=true, Details=null, Granted Authorities=[ROLE_ADMIN]]]}

Handler:
             Type = com.phildev.pcs.controllers.BidListController
           Method = com.phildev.pcs.controllers.BidListController#showUpdateForm(Integer, Model, Principal)

Async:
    Async started = false
     Async result = null

Resolved Exception:
             Type = null

ModelAndView:
        View name = bidList/update
             View = null
        Attribute = bidList
            value = com.phildev.pcs.domain.BidList@12318b0f
           errors = []
        Attribute = connectedUser
            value = admin83

FlashMap:
       Attributes = null

MockHttpServletResponse:
           Status = 200
    Error message = null
          Headers = [Vary:"Origin", "Access-Control-Request-Method", "Access-Control-Request-Headers", Content-Language:"en", Content-Type:"text/html;charset=UTF-8", X-Content-Type-Options:"nosniff", X-XSS-Protection:"0", Cache-Control:"no-cache, no-store, max-age=0, must-revalidate", Pragma:"no-cache", Expires:"0", X-Frame-Options:"DENY"]
     Content type = text/html;charset=UTF-8
             Body = <!DOCTYPE html>
<html xmlns="http://www.w3.org/1999/xhtml">
<head>
<meta charset="utf-8"/>
<title>PCS - Update bid</title>
<link rel="stylesheet" href="../../css/bootstrap.min.css" >
</head>
<body>
<div class="container">
	<div class="row">
		<div class="col-12 d-flex p-0">
			<a href="/bidList/list">Bid List</a>&nbsp;|&nbsp;
			<a href="/curvePoint/list">Curve Points</a>&nbsp;|&nbsp;
			<a href="/rating/list">Ratings</a>&nbsp;|&nbsp;
			<a href="/trade/list">Trade</a>&nbsp;|&nbsp;
			<a href="/ruleName/list">Rule</a>&nbsp;|&nbsp;
			<a href="/user/list">User list</a>
			<div class="ms-auto">Logged in user: <b>admin83</b>
			</div>
		</div>
	</div>
	<div class="row">
		<form action="/logout" method="POST" class="d-flex justify-content-end p-0"><input type="hidden" name="_csrf" value="fxD8EFq6gHmnOF1Ji1BNxF97MFMXEA17nUeMIAeO5iMhzdwWTSOZJWOMuUGKCW9_vn15ojtMHTFxKDVW-XO1GWbv0kZH9ehy"/>
			<input type="submit" value="Logout" />
		</form>
	</div>
	<div class="row">
		<h2>Update Bid</h2>
	</div>

	<div class="row">
		<form action="/bidList/update/1" method="post" class="form-horizontal" style="width: 100%"><input type="hidden" name="_csrf" value="fxD8EFq6gHmnOF1Ji1BNxF97MFMXEA17nUeMIAeO5iMhzdwWTSOZJWOMuUGKCW9_vn15ojtMHTFxKDVW-XO1GWbv0kZH9ehy"/>
			<div class="form-group">
				<label for="account" class="col-sm-2 control-label">Account</label>
				<div class="col-sm-10">
					<input type="text" id="account" placeholder="Account" class="col-4" name="account" value="123456">
					
				</div>
			</div>
			<div class="form-group">
				<label for="type" class="col-sm-2 control-label">Type</label>
				<div class="col-sm-10">
					<input type="text" id="type" placeholder="Type" class="col-4" name="type" value="type test">
					
				</div>
			</div>
			<div class="form-group mb-2">
				<label for="bidQuantity" class="col-sm-2 control-label">Bid Quantity</label>
				<div class="col-sm-10">
					<input type="number" min=1.00 step=0.1 id="bidQuantity" placeholder="Bid Quantity" class="col-4" name="bidQuantity" value="10.0">
					
				</div>
			</div>


			<div class="form-group">
				<div class="col-sm-12">
					<input type="hidden" id="bidListId" name="bidListId" value="1">
					<a class="btn btn-danger btn-sm" href="/bidList/list">Cancel</a>
					<input class="btn btn-primary btn-sm" type="submit" value="Update Bid List">
				</div>
			</div>
		</form>
	</div>
	<div class="row">
		<div class="d-flex justify-content-end p-0">
			<img src="/images/pcs-banner.PNG" alt="pcs logo" class="img-fluid col-4 col-md-2 ms-auto"/>
		</div>
	</div>

</div>
</body>
</html>
    Forwarded URL = null
   Redirected URL = null
          Cookies = []
]]></system-out>
  </testcase>
  <testcase name="testCreatingBidListWithNumberOverMaxQuantityReturnsError" classname="com.phildev.pcs.integration.BidListIT" time="0.019">
    <system-out><![CDATA[2024-04-22T22:33:47.879+02:00 ERROR 9260 --- [           main] c.p.pcs.controllers.BidListController    : The following errors occurred when trying to save a bid maximum bid quantity should be 1 000 000, only 2 digits allowed after decimal point


MockHttpServletRequest:
      HTTP Method = POST
      Request URI = /bidList/validate
       Parameters = {account=[112255], type=[bid test], bidQuantity=[1000000.10], _csrf=[A2rLTB3O_LEnmHMmOHIJoBycsaQXe03Gtvp7yK-q3kVFkbmaNF-pLir6ndMK-RAXD189lyuunJwiQnrrhplMqpuZ63J3pdis]}
          Headers = [Content-Type:"application/x-www-form-urlencoded;charset=UTF-8"]
             Body = null
    Session Attrs = {SPRING_SECURITY_CONTEXT=SecurityContextImpl [Authentication=UsernamePasswordAuthenticationToken [Principal=org.springframework.security.core.userdetails.User [Username=user, Password=[PROTECTED], Enabled=true, AccountNonExpired=true, CredentialsNonExpired=true, AccountNonLocked=true, Granted Authorities=[ROLE_ADMIN]], Credentials=[PROTECTED], Authenticated=true, Details=null, Granted Authorities=[ROLE_ADMIN]]]}

Handler:
             Type = com.phildev.pcs.controllers.BidListController
           Method = com.phildev.pcs.controllers.BidListController#validate(BidList, BindingResult, Model, Principal)

Async:
    Async started = false
     Async result = null

Resolved Exception:
             Type = null

ModelAndView:
        View name = bidList/add
             View = null
        Attribute = bidList
            value = com.phildev.pcs.domain.BidList@1f114225
           errors = [Field error in object 'bidList' on field 'bidQuantity': rejected value [1000000.1]; codes [DecimalMax.bidList.bidQuantity,DecimalMax.bidQuantity,DecimalMax.java.lang.Double,DecimalMax]; arguments [org.springframework.context.support.DefaultMessageSourceResolvable: codes [bidList.bidQuantity,bidQuantity]; arguments []; default message [bidQuantity],true,1000000.00]; default message [maximum bid quantity should be 1 000 000, only 2 digits allowed after decimal point]]

FlashMap:
       Attributes = null

MockHttpServletResponse:
           Status = 200
    Error message = null
          Headers = [Vary:"Origin", "Access-Control-Request-Method", "Access-Control-Request-Headers", Content-Language:"en", Content-Type:"text/html;charset=UTF-8", X-Content-Type-Options:"nosniff", X-XSS-Protection:"0", Cache-Control:"no-cache, no-store, max-age=0, must-revalidate", Pragma:"no-cache", Expires:"0", X-Frame-Options:"DENY"]
     Content type = text/html;charset=UTF-8
             Body = <!DOCTYPE html>
<html xmlns="http://www.w3.org/1999/xhtml">
<head>
<meta charset="utf-8"/>
<title>PCS - Add bid</title>
<link rel="stylesheet" href="/css/bootstrap.min.css" >
</head>
<body>
<div class="container">
	<div class="row">
		<div class="col-12 d-flex p-0">
			<a href="/bidList/list">Bid List</a>&nbsp;|&nbsp;
			<a href="/curvePoint/list">Curve Points</a>&nbsp;|&nbsp;
			<a href="/rating/list">Ratings</a>&nbsp;|&nbsp;
			<a href="/trade/list">Trade</a>&nbsp;|&nbsp;
			<a href="/ruleName/list">Rule</a>&nbsp;|&nbsp;
			<a href="/user/list">User list</a>
			<div class="ms-auto">Logged in user: <b></b>
			</div>
		</div>
	</div>
	<div class="row">
		<form action="/logout" method="POST" class="d-flex justify-content-end p-0"><input type="hidden" name="_csrf" value="U-rtkIFYeEZ_3RV3ZVPYf4-XgygFT7exXDYHSqu46Pxq7UV0ZN-P8rZsGSRSvHZGUn7sSLilrhAwdoCcbFUwKJ-L3ctY2SRC"/>
			<input type="submit" value="Logout" />
		</form>
	</div>

	<div class="row">
		<h2>Add New Bid</h2>
	</div>

	<div class="row">
		<form action="/bidList/validate" method="post" class="form-horizontal" style="width: 100%"><input type="hidden" name="_csrf" value="U-rtkIFYeEZ_3RV3ZVPYf4-XgygFT7exXDYHSqu46Pxq7UV0ZN-P8rZsGSRSvHZGUn7sSLilrhAwdoCcbFUwKJ-L3ctY2SRC"/>
			<div class="form-group">
				<label for="account" class="col-sm-2 control-label">Account</label>
				<div class="col-sm-10">
					<input type="text" id="account" placeholder="Account" class="col-4" name="account" value="112255">
					
				</div>
			</div>
			<div class="form-group">
				<label for="type" class="col-sm-2 control-label">Type</label>
				<div class="col-sm-10">
					<input type="text" id="type" placeholder="Type" class="col-4" name="type" value="bid test">
					
				</div>
			</div>
			<div class="form-group mb-2">
				<label for="bidQuantity" class="col-sm-2 control-label">Bid Quantity</label>
				<div class="col-sm-10">
					<input type="number" min=1.00 step=0.1 id="bidQuantity" placeholder="Bid Quantity" class="col-4" name="bidQuantity" value="1000000.1">
					<p class="text-danger">maximum bid quantity should be 1 000 000, only 2 digits allowed after decimal point</p>
				</div>
			</div>


			<div class="form-group">
				<div class="col-sm-12">
					<a class="btn btn-danger btn-sm" href="/bidList/list">Cancel</a>
					<input class="btn btn-primary btn-sm" type="submit" value="Add Bid List">
				</div>
			</div>
		</form>
	</div>
	<div class="row">
		<div class="d-flex justify-content-end p-0">
			<img src="/images/pcs-banner.PNG" alt="pcs logo" class="img-fluid col-4 col-md-2 ms-auto"/>
		</div>
	</div>

</div>
</body>
</html>
    Forwarded URL = null
   Redirected URL = null
          Cookies = []
]]></system-out>
  </testcase>
  <testcase name="testForbiddenAccessToBidListForUserRole" classname="com.phildev.pcs.integration.BidListIT" time="0.01"/>
</testsuite>