<?xml version="1.0" encoding="UTF-8"?>
<testsuite xmlns:xsi="http://www.w3.org/2001/XMLSchema-instance" xsi:noNamespaceSchemaLocation="https://maven.apache.org/surefire/maven-failsafe-plugin/xsd/failsafe-test-report-3.0.xsd" version="3.0" name="com.phildev.pcs.integration.TradeIT" time="0.269" tests="11" errors="0" skipped="0" failures="0">
  <properties>
[...]
</properties>
  <testcase name="testCreatingTradeWithAdminRole" classname="com.phildev.pcs.integration.TradeIT" time="0.05">
    <system-out><![CDATA[2024-04-15T17:38:05.274+02:00  INFO 22872 --- [           main] t.c.s.AnnotationConfigContextLoaderUtils : Could not detect default configuration classes for test class [com.phildev.pcs.integration.TradeIT]: TradeIT does not declare any static, non-private, non-final, nested classes annotated with @Configuration.
2024-04-15T17:38:05.282+02:00  INFO 22872 --- [           main] .b.t.c.SpringBootTestContextBootstrapper : Found @SpringBootConfiguration com.phildev.pcs.Application for test class com.phildev.pcs.integration.TradeIT
Hibernate: select bl1_0.bid_list_id,bl1_0.account,bl1_0.ask,bl1_0.ask_quantity,bl1_0.benchmark,bl1_0.bid,bl1_0.bid_list_date,bl1_0.bid_quantity,bl1_0.book,bl1_0.commentary,bl1_0.creation_date,bl1_0.creation_name,bl1_0.deal_name,bl1_0.deal_type,bl1_0.revision_date,bl1_0.revision_name,bl1_0.security,bl1_0.side,bl1_0.source_list_id,bl1_0.status,bl1_0.trader,bl1_0.type from bidlist bl1_0 where bl1_0.account=?
2024-04-15T17:38:05.321+02:00  INFO 22872 --- [           main] com.phildev.pcs.service.TradeService     : Starting to save trade with account 888888 and type type test5
Hibernate: insert into trade (account,benchmark,book,buy_price,buy_quantity,creation_date,creation_name,deal_name,deal_type,revision_date,revision_name,security,sell_price,sell_quantity,side,source_list_id,status,trade_date,trader,type) values (?,?,?,?,?,?,?,?,?,?,?,?,?,?,?,?,?,?,?,?)
2024-04-15T17:38:05.336+02:00  INFO 22872 --- [           main] c.p.pcs.controllers.TradeController      : Trade of type  type test5 with buy quantity 100.0 was successfully saved
Hibernate: select t1_0.trade_id,t1_0.account,t1_0.benchmark,t1_0.book,t1_0.buy_price,t1_0.buy_quantity,t1_0.creation_date,t1_0.creation_name,t1_0.deal_name,t1_0.deal_type,t1_0.revision_date,t1_0.revision_name,t1_0.security,t1_0.sell_price,t1_0.sell_quantity,t1_0.side,t1_0.source_list_id,t1_0.status,t1_0.trade_date,t1_0.trader,t1_0.type from trade t1_0 where t1_0.account=?
]]></system-out>
  </testcase>
  <testcase name="testAccessToTradeAddPageForAdminUser" classname="com.phildev.pcs.integration.TradeIT" time="0.014">
    <system-out><![CDATA[2024-04-15T17:38:05.349+02:00  INFO 22872 --- [           main] c.p.pcs.controllers.TradeController      : Trade add page rendered to user user

MockHttpServletRequest:
      HTTP Method = GET
      Request URI = /trade/add
       Parameters = {}
          Headers = []
             Body = null
    Session Attrs = {org.springframework.security.web.csrf.HttpSessionCsrfTokenRepository.CSRF_TOKEN=org.springframework.security.web.csrf.DefaultCsrfToken@7b80ea4, SPRING_SECURITY_CONTEXT=SecurityContextImpl [Authentication=UsernamePasswordAuthenticationToken [Principal=org.springframework.security.core.userdetails.User [Username=user, Password=[PROTECTED], Enabled=true, AccountNonExpired=true, CredentialsNonExpired=true, AccountNonLocked=true, Granted Authorities=[ROLE_ADMIN]], Credentials=[PROTECTED], Authenticated=true, Details=null, Granted Authorities=[ROLE_ADMIN]]]}

Handler:
             Type = com.phildev.pcs.controllers.TradeController
           Method = com.phildev.pcs.controllers.TradeController#addUser(Model, Principal)

Async:
    Async started = false
     Async result = null

Resolved Exception:
             Type = null

ModelAndView:
        View name = trade/add
             View = null
        Attribute = trade
            value = com.phildev.pcs.domain.Trade@549ce32b
           errors = []
        Attribute = connectedUser
            value = user

FlashMap:
       Attributes = null

MockHttpServletResponse:
           Status = 200
    Error message = null
          Headers = [Vary:"Origin", "Access-Control-Request-Method", "Access-Control-Request-Headers", Content-Language:"en", Content-Type:"text/html;charset=UTF-8", X-Content-Type-Options:"nosniff", X-XSS-Protection:"0", Cache-Control:"no-cache, no-store, max-age=0, must-revalidate", Pragma:"no-cache", Expires:"0", X-Frame-Options:"DENY"]
     Content type = text/html;charset=UTF-8
             Body = <!DOCTYPE html>
<html xmlns="http://www.w3.org/1999/xhtml">
<head>
<meta charset="utf-8"/>
<title>PCS - Add trade</title>
<link rel="stylesheet" href="../../css/bootstrap.min.css" >
</head>
<body>
<div class="container">
	<div class="row">
		<div class="col-12 d-flex p-0">
			<a href="/bidList/list">Bid List</a>&nbsp;|&nbsp;
			<a href="/curvePoint/list">Curve Points</a>&nbsp;|&nbsp;
			<a href="/rating/list">Ratings</a>&nbsp;|&nbsp;
			<a href="/trade/list">Trade</a>&nbsp;|&nbsp;
			<a href="/ruleName/list">Rule</a>&nbsp;|&nbsp;
			<a href="/user/list">User list</a>
			<div class="ms-auto">Logged in user: <b>user</b>
			</div>
		</div>
	</div>
	<div class="row">
		<form action="/logout" method="POST" class="d-flex justify-content-end p-0"><input type="hidden" name="_csrf" value="-D7pxBOGBIUp1Y_RnjGZePgMhLzUUJ-ZV-BIZdydaCvMSWIeyl2L93DgYrAE4OmzrhytG8A7qYXiafy0Y9dwUL3_CxypKwQm"/>
			<input type="submit" value="Logout" />
		</form>
	</div>

	<div class="row">
		<h2>Add New Trade</h2>
	</div>

	<div class="row">
		<form action="/trade/validate" method="post" class="form-horizontal" style="width: 100%"><input type="hidden" name="_csrf" value="-D7pxBOGBIUp1Y_RnjGZePgMhLzUUJ-ZV-BIZdydaCvMSWIeyl2L93DgYrAE4OmzrhytG8A7qYXiafy0Y9dwUL3_CxypKwQm"/>
			<div class="form-group">
				<label for="account" class="col-sm-2 control-label">Account</label>
				<div class="col-sm-10">
					<input type="text" id="account" placeholder="Account" class="col-4" name="account" value="">
					
				</div>
			</div>
			<div class="form-group">
				<label for="type" class="col-sm-2 control-label">Type</label>
				<div class="col-sm-10">
					<input type="text" id="type" placeholder="Type" class="col-4" name="type" value="">
					
				</div>
			</div>
			<div class="form-group mb-2">
				<label for="buyQuantity" class="col-sm-2 control-label">Buy Quantity</label>
				<div class="col-sm-10">
					<input type="number" min=1.00 step=0.1 id="buyQuantity" placeholder="Buy Quantity" class="col-4" name="buyQuantity" value="">
					
				</div>
			</div>
			
			<div class="form-group">
				<div class="col-sm-12">
					<a class="btn btn-danger btn-sm" href="/trade/list">Cancel</a>
					<input class="btn btn-primary btn-sm" type="submit" value="Add Trade">
				</div>
			</div>
		</form>
	</div>
	<div class="row">
		<div class="d-flex justify-content-end p-0">
			<img src="/images/pcs-banner.PNG" alt="pcs logo" class="img-fluid col-4 col-md-2 ms-auto"/>
		</div>
	</div>

</div>
</body>
</html>
    Forwarded URL = null
   Redirected URL = null
          Cookies = []
]]></system-out>
  </testcase>
  <testcase name="testEmptyFieldsWhenCreatingTradeWithAdminRole" classname="com.phildev.pcs.integration.TradeIT" time="0.008">
    <system-out><![CDATA[2024-04-15T17:38:05.365+02:00 ERROR 22872 --- [           main] c.p.pcs.controllers.TradeController      : The following errors occurred when trying to save a trade   : 
Type is mandatory
Account is mandatory
minimum bid quantity must be 1.0, only 2 digits allowed after decimal point

]]></system-out>
  </testcase>
  <testcase name="testDeletingTradeWithAdminRole" classname="com.phildev.pcs.integration.TradeIT" time="0.049">
    <system-out><![CDATA[Hibernate: select t1_0.trade_id,t1_0.account,t1_0.benchmark,t1_0.book,t1_0.buy_price,t1_0.buy_quantity,t1_0.creation_date,t1_0.creation_name,t1_0.deal_name,t1_0.deal_type,t1_0.revision_date,t1_0.revision_name,t1_0.security,t1_0.sell_price,t1_0.sell_quantity,t1_0.side,t1_0.source_list_id,t1_0.status,t1_0.trade_date,t1_0.trader,t1_0.type from trade t1_0 where t1_0.trade_id=?
Hibernate: delete from trade where trade_id=?
Hibernate: select t1_0.trade_id,t1_0.account,t1_0.benchmark,t1_0.book,t1_0.buy_price,t1_0.buy_quantity,t1_0.creation_date,t1_0.creation_name,t1_0.deal_name,t1_0.deal_type,t1_0.revision_date,t1_0.revision_name,t1_0.security,t1_0.sell_price,t1_0.sell_quantity,t1_0.side,t1_0.source_list_id,t1_0.status,t1_0.trade_date,t1_0.trader,t1_0.type from trade t1_0
Hibernate: select t1_0.trade_id,t1_0.account,t1_0.benchmark,t1_0.book,t1_0.buy_price,t1_0.buy_quantity,t1_0.creation_date,t1_0.creation_name,t1_0.deal_name,t1_0.deal_type,t1_0.revision_date,t1_0.revision_name,t1_0.security,t1_0.sell_price,t1_0.sell_quantity,t1_0.side,t1_0.source_list_id,t1_0.status,t1_0.trade_date,t1_0.trader,t1_0.type from trade t1_0 where t1_0.trade_id=?
]]></system-out>
  </testcase>
  <testcase name="testUpdatingTradeWithUnknownBidWithAdminRole" classname="com.phildev.pcs.integration.TradeIT" time="0.017">
    <system-out><![CDATA[Hibernate: select bl1_0.bid_list_id,bl1_0.account,bl1_0.ask,bl1_0.ask_quantity,bl1_0.benchmark,bl1_0.bid,bl1_0.bid_list_date,bl1_0.bid_quantity,bl1_0.book,bl1_0.commentary,bl1_0.creation_date,bl1_0.creation_name,bl1_0.deal_name,bl1_0.deal_type,bl1_0.revision_date,bl1_0.revision_name,bl1_0.security,bl1_0.side,bl1_0.source_list_id,bl1_0.status,bl1_0.trader,bl1_0.type from bidlist bl1_0 where bl1_0.account=?
2024-04-15T17:38:05.432+02:00 ERROR 22872 --- [           main] c.p.pcs.controllers.TradeController      : No bid found for the account 8899888 , type type test5 and quantity 2000.2
]]></system-out>
  </testcase>
  <testcase name="testForbiddenAccessToTradeListForUserRole" classname="com.phildev.pcs.integration.TradeIT" time="0.004"/>
  <testcase name="testNonExistingBidWhenCreatingTradeWithAdminRole" classname="com.phildev.pcs.integration.TradeIT" time="0.024">
    <system-out><![CDATA[Hibernate: select bl1_0.bid_list_id,bl1_0.account,bl1_0.ask,bl1_0.ask_quantity,bl1_0.benchmark,bl1_0.bid,bl1_0.bid_list_date,bl1_0.bid_quantity,bl1_0.book,bl1_0.commentary,bl1_0.creation_date,bl1_0.creation_name,bl1_0.deal_name,bl1_0.deal_type,bl1_0.revision_date,bl1_0.revision_name,bl1_0.security,bl1_0.side,bl1_0.source_list_id,bl1_0.status,bl1_0.trader,bl1_0.type from bidlist bl1_0 where bl1_0.account=?
2024-04-15T17:38:05.452+02:00 ERROR 22872 --- [           main] c.p.pcs.controllers.TradeController      : No bid found for the account 888888 , type type test5 and quantity 2000.15
]]></system-out>
  </testcase>
  <testcase name="testAccessToTradeUpdatePageForAdminUser" classname="com.phildev.pcs.integration.TradeIT" time="0.027">
    <system-out><![CDATA[Hibernate: select t1_0.trade_id,t1_0.account,t1_0.benchmark,t1_0.book,t1_0.buy_price,t1_0.buy_quantity,t1_0.creation_date,t1_0.creation_name,t1_0.deal_name,t1_0.deal_type,t1_0.revision_date,t1_0.revision_name,t1_0.security,t1_0.sell_price,t1_0.sell_quantity,t1_0.side,t1_0.source_list_id,t1_0.status,t1_0.trade_date,t1_0.trader,t1_0.type from trade t1_0 where t1_0.trade_id=?

MockHttpServletRequest:
      HTTP Method = GET
      Request URI = /trade/update/1
       Parameters = {}
          Headers = []
             Body = null
    Session Attrs = {org.springframework.security.web.csrf.HttpSessionCsrfTokenRepository.CSRF_TOKEN=org.springframework.security.web.csrf.DefaultCsrfToken@48474db4, SPRING_SECURITY_CONTEXT=SecurityContextImpl [Authentication=UsernamePasswordAuthenticationToken [Principal=org.springframework.security.core.userdetails.User [Username=user, Password=[PROTECTED], Enabled=true, AccountNonExpired=true, CredentialsNonExpired=true, AccountNonLocked=true, Granted Authorities=[ROLE_ADMIN]], Credentials=[PROTECTED], Authenticated=true, Details=null, Granted Authorities=[ROLE_ADMIN]]]}

Handler:
             Type = com.phildev.pcs.controllers.TradeController
           Method = com.phildev.pcs.controllers.TradeController#showUpdateForm(Integer, Model, Principal)

Async:
    Async started = false
     Async result = null

Resolved Exception:
             Type = null

ModelAndView:
        View name = trade/update
             View = null
        Attribute = connectedUser
            value = user
        Attribute = trade
            value = com.phildev.pcs.domain.Trade@1f894823
           errors = []

FlashMap:
       Attributes = null

MockHttpServletResponse:
           Status = 200
    Error message = null
          Headers = [Vary:"Origin", "Access-Control-Request-Method", "Access-Control-Request-Headers", Content-Language:"en", Content-Type:"text/html;charset=UTF-8", X-Content-Type-Options:"nosniff", X-XSS-Protection:"0", Cache-Control:"no-cache, no-store, max-age=0, must-revalidate", Pragma:"no-cache", Expires:"0", X-Frame-Options:"DENY"]
     Content type = text/html;charset=UTF-8
             Body = <!DOCTYPE html>
<html xmlns="http://www.w3.org/1999/xhtml">
<head>
<meta charset="utf-8"/>
<title>PCS - Update trade</title>
<link rel="stylesheet" href="../../css/bootstrap.min.css" >
</head>
<body>
<div class="container">
	<div class="row">
		<div class="col-12 d-flex p-0">
			<a href="/bidList/list">Bid List</a>&nbsp;|&nbsp;
			<a href="/curvePoint/list">Curve Points</a>&nbsp;|&nbsp;
			<a href="/rating/list">Ratings</a>&nbsp;|&nbsp;
			<a href="/trade/list">Trade</a>&nbsp;|&nbsp;
			<a href="/ruleName/list">Rule</a>&nbsp;|&nbsp;
			<a href="/user/list">User list</a>
			<div class="ms-auto">Logged in user: <b>user</b>
			</div>
		</div>
	</div>
	<div class="row">
		<form action="/logout" method="POST" class="d-flex justify-content-end p-0"><input type="hidden" name="_csrf" value="K74sJrX665kF5ypUgULqwP5M5kA4z4K17SPhCfUWEU_kJbTsStscEYWf26oog0tsuG_eoc94yyJZrbSY2BDWO813cymGRNDd"/>
			<input type="submit" value="Logout" />
		</form>
	</div>
	<div class="row">
		<h2>Update Trade</h2>
	</div>

	<div class="row">
		<form action="/trade/update/1" method="post" class="form-horizontal" style="width: 100%"><input type="hidden" name="_csrf" value="K74sJrX665kF5ypUgULqwP5M5kA4z4K17SPhCfUWEU_kJbTsStscEYWf26oog0tsuG_eoc94yyJZrbSY2BDWO813cymGRNDd"/>
			<div class="form-group">
				<label for="account" class="col-sm-2 control-label">Account</label>
				<div class="col-sm-10">
					<input type="text" id="account" placeholder="Account" class="col-4" name="account" value="123456">
					
				</div>
			</div>
			<div class="form-group">
				<label for="type" class="col-sm-2 control-label">Type</label>
				<div class="col-sm-10">
					<input type="text" id="type" placeholder="Type" class="col-4" name="type" value="type test">
					
				</div>
			</div>
			<div class="form-group mb-2">
				<label for="buyQuantity" class="col-sm-2 control-label">Buy Quantity</label>
				<div class="col-sm-10">
					<input type="number" min=1.00 step=0.1 id="buyQuantity" placeholder="Buy Quantity" class="col-4" name="buyQuantity" value="10.0">
					
				</div>
			</div>


			<div class="form-group">
				<div class="col-sm-12">
					<input type="hidden" id="tradeId" name="tradeId" value="1">
					<a class="btn btn-danger btn-sm" href="/trade/list">Cancel</a>
					<input class="btn btn-primary btn-sm" type="submit" value="Update Trade">
				</div>
			</div>
		</form>
	</div>
	<div class="row">
		<div class="d-flex justify-content-end p-0">
			<img src="/images/pcs-banner.PNG" alt="pcs logo" class="img-fluid col-4 col-md-2 ms-auto"/>
		</div>
	</div>

</div>
</body>
</html>
    Forwarded URL = null
   Redirected URL = null
          Cookies = []
]]></system-out>
  </testcase>
  <testcase name="testExceedingMaxQuantityWhenCreatingTradeWithAdminRole" classname="com.phildev.pcs.integration.TradeIT" time="0.007">
    <system-out><![CDATA[2024-04-15T17:38:05.498+02:00 ERROR 22872 --- [           main] c.p.pcs.controllers.TradeController      : The following errors occurred when trying to save a trade   : 
Type is mandatory
maximum bid quantity should be 1 000 000, only 2 digits allowed after decimal point
Account is mandatory

]]></system-out>
  </testcase>
  <testcase name="testAccessToTradeListForAdminUser" classname="com.phildev.pcs.integration.TradeIT" time="0.033">
    <system-out><![CDATA[Hibernate: select t1_0.trade_id,t1_0.account,t1_0.benchmark,t1_0.book,t1_0.buy_price,t1_0.buy_quantity,t1_0.creation_date,t1_0.creation_name,t1_0.deal_name,t1_0.deal_type,t1_0.revision_date,t1_0.revision_name,t1_0.security,t1_0.sell_price,t1_0.sell_quantity,t1_0.side,t1_0.source_list_id,t1_0.status,t1_0.trade_date,t1_0.trader,t1_0.type from trade t1_0
Hibernate: select t1_0.trade_id,t1_0.account,t1_0.benchmark,t1_0.book,t1_0.buy_price,t1_0.buy_quantity,t1_0.creation_date,t1_0.creation_name,t1_0.deal_name,t1_0.deal_type,t1_0.revision_date,t1_0.revision_name,t1_0.security,t1_0.sell_price,t1_0.sell_quantity,t1_0.side,t1_0.source_list_id,t1_0.status,t1_0.trade_date,t1_0.trader,t1_0.type from trade t1_0
2024-04-15T17:38:05.524+02:00  INFO 22872 --- [           main] c.p.pcs.controllers.TradeController      : Trade list page rendered successfully to user user
]]></system-out>
  </testcase>
  <testcase name="testForbiddenAccessToAddTradePageForUserRole" classname="com.phildev.pcs.integration.TradeIT" time="0.003"/>
</testsuite>