<?xml version="1.0" encoding="UTF-8"?>
<testsuite xmlns:xsi="http://www.w3.org/2001/XMLSchema-instance" xsi:noNamespaceSchemaLocation="https://maven.apache.org/surefire/maven-surefire-plugin/xsd/surefire-test-report-3.0.xsd" version="3.0" name="com.phildev.pcs.UserControllerTest" time="0.464" tests="12" errors="0" skipped="0" failures="0">
  <properties>
[...]
</properties>
  <testcase name="testExistingUserNameWithAdminRole" classname="com.phildev.pcs.UserControllerTest" time="0.039">
    <system-out><![CDATA[2024-04-11T17:48:38.066+02:00  INFO 624 --- [           main] t.c.s.AnnotationConfigContextLoaderUtils : Could not detect default configuration classes for test class [com.phildev.pcs.UserControllerTest]: UserControllerTest does not declare any static, non-private, non-final, nested classes annotated with @Configuration.
2024-04-11T17:48:38.068+02:00  INFO 624 --- [           main] .b.t.c.SpringBootTestContextBootstrapper : Found @SpringBootConfiguration com.phildev.pcs.Application for test class com.phildev.pcs.UserControllerTest
Hibernate: select u1_0.id,u1_0.fullname,u1_0.password,u1_0.role,u1_0.username from users u1_0 where u1_0.username=?
Hibernate: select u1_0.id,u1_0.fullname,u1_0.password,u1_0.role,u1_0.username from users u1_0 where u1_0.username=?
]]></system-out>
  </testcase>
  <testcase name="testForbiddenAccessToUserListForUserRole" classname="com.phildev.pcs.UserControllerTest" time="0.003"/>
  <testcase name="testEmptyFieldsWithAdminRole" classname="com.phildev.pcs.UserControllerTest" time="0.014">
    <system-out><![CDATA[Hibernate: select u1_0.id,u1_0.fullname,u1_0.password,u1_0.role,u1_0.username from users u1_0 where u1_0.username=?
Hibernate: select u1_0.id,u1_0.fullname,u1_0.password,u1_0.role,u1_0.username from users u1_0 where u1_0.fullname=?
]]></system-out>
  </testcase>
  <testcase name="testInvalidPasswordWithAdminRole" classname="com.phildev.pcs.UserControllerTest" time="0.011">
    <system-out><![CDATA[Hibernate: select u1_0.id,u1_0.fullname,u1_0.password,u1_0.role,u1_0.username from users u1_0 where u1_0.username=?
Hibernate: select u1_0.id,u1_0.fullname,u1_0.password,u1_0.role,u1_0.username from users u1_0 where u1_0.fullname=?
]]></system-out>
  </testcase>
  <testcase name="testAccessToUserAddPageForAdminUser" classname="com.phildev.pcs.UserControllerTest" time="0.008">
    <system-out><![CDATA[
MockHttpServletRequest:
      HTTP Method = GET
      Request URI = /user/add
       Parameters = {}
          Headers = []
             Body = null
    Session Attrs = {org.springframework.security.web.csrf.HttpSessionCsrfTokenRepository.CSRF_TOKEN=org.springframework.security.web.csrf.DefaultCsrfToken@7960294f, SPRING_SECURITY_CONTEXT=SecurityContextImpl [Authentication=UsernamePasswordAuthenticationToken [Principal=org.springframework.security.core.userdetails.User [Username=user, Password=[PROTECTED], Enabled=true, AccountNonExpired=true, CredentialsNonExpired=true, AccountNonLocked=true, Granted Authorities=[ROLE_ADMIN]], Credentials=[PROTECTED], Authenticated=true, Details=null, Granted Authorities=[ROLE_ADMIN]]]}

Handler:
             Type = com.phildev.pcs.controllers.UserController
           Method = com.phildev.pcs.controllers.UserController#addUser(Model, Principal)

Async:
    Async started = false
     Async result = null

Resolved Exception:
             Type = null

ModelAndView:
        View name = user/add
             View = null
        Attribute = user
            value = com.phildev.pcs.domain.User@5441a6c
           errors = []
        Attribute = connectedUser
            value = user

FlashMap:
       Attributes = null

MockHttpServletResponse:
           Status = 200
    Error message = null
          Headers = [Vary:"Origin", "Access-Control-Request-Method", "Access-Control-Request-Headers", Content-Language:"en", Content-Type:"text/html;charset=UTF-8", X-Content-Type-Options:"nosniff", X-XSS-Protection:"0", Cache-Control:"no-cache, no-store, max-age=0, must-revalidate", Pragma:"no-cache", Expires:"0", X-Frame-Options:"DENY"]
     Content type = text/html;charset=UTF-8
             Body = <!DOCTYPE html>
<html xmlns="http://www.w3.org/1999/xhtml">
<head>
<meta charset="utf-8"/>
<title>PCS - Add user</title>
<link rel="stylesheet" href="../../css/bootstrap.min.css" >
</head>
<body>
<div class="container">
	<div class="row">
		<div class="col-12 d-flex p-0">
			<a href="/bidList/list">Bid List</a>&nbsp;|&nbsp;
			<a href="/curvePoint/list">Curve Points</a>&nbsp;|&nbsp;
			<a href="/rating/list">Ratings</a>&nbsp;|&nbsp;
			<a href="/trade/list">Trade</a>&nbsp;|&nbsp;
			<a href="/ruleName/list">Rule</a>&nbsp;|&nbsp;
			<a href="/user/list">User list</a>
			<div class="ms-auto">Logged in user: <b>user</b>
			</div>
		</div>
	</div>
	<div class="row">
		<form action="/logout" method="POST" class="d-flex justify-content-end p-0"><input type="hidden" name="_csrf" value="KzT0iDPkRRrWwA2LevAeMra7H2FfaKf-q_4FBs49SjGdn-t5E1bNuQOAd3z7pmy6HN0qV9TYMllmUcPTk8ZmMfoIcgb_qtMc"/>
			<input type="submit" value="Logout" />
		</form>
	</div>

	<div class="row">
		<h2>Add New User</h2>
	</div>

	<div class="row">
		<form action="/user/validate" method="post" class="form-horizontal" style="width: 100%"><input type="hidden" name="_csrf" value="KzT0iDPkRRrWwA2LevAeMra7H2FfaKf-q_4FBs49SjGdn-t5E1bNuQOAd3z7pmy6HN0qV9TYMllmUcPTk8ZmMfoIcgb_qtMc"/>
			<div class="form-group">
				<label for="fullname" class="col-sm-2 control-label">Full Name</label>
				<div class="col-sm-10">
					<input type="text" id="fullname" placeholder="Full Name" class="col-4" name="fullName" value="">
					
					
				</div>
			</div>
			<div class="form-group">
				<label for="username" class="col-sm-2 control-label">User Name</label>
				<div class="col-sm-10">
					<input type="text" id="username" placeholder="User Name" class="col-4" name="username" value="">
					
				</div>
			</div>
			<div class="form-group">
				<label for="password" class="col-sm-2 control-label">Password</label>
				<div class="col-sm-10">
					<input type="password" id="password" placeholder="Password" class="col-4" name="password" value="">
					
					
				</div>
			</div>
			<div class="form-group">
				<label for="password" class="col-sm-2 control-label">Role</label>
				<div class="col-sm-10">
					<label class="checkbox-inline"><input type="radio" value="ADMIN" id="role1" name="role">Admin</label>
					<label class="checkbox-inline"><input type="radio" value="USER" id="role2" name="role">User</label>
					
				</div>
			</div>


			<div class="form-group">
				<div class="col-sm-12">
					<a class="btn btn-danger btn-sm" href="/user/list">Cancel</a>
					<input class="btn btn-primary btn-sm" type="submit" value="Add user">
				</div>
			</div>

		</form>
	</div>
	<div class="row">
		<div class="d-flex justify-content-end p-0">
			<img src="/images/pcs-banner.PNG" alt="pcs logo" class="img-fluid col-4 col-md-2 ms-auto"/>
		</div>
	</div>

</div>
</body>
</html>
    Forwarded URL = null
   Redirected URL = null
          Cookies = []
]]></system-out>
  </testcase>
  <testcase name="testAccessToUserUpdatePageForAdminUser" classname="com.phildev.pcs.UserControllerTest" time="0.014">
    <system-out><![CDATA[Hibernate: select u1_0.id,u1_0.fullname,u1_0.password,u1_0.role,u1_0.username from users u1_0 where u1_0.id=?

MockHttpServletRequest:
      HTTP Method = GET
      Request URI = /user/update/2
       Parameters = {}
          Headers = []
             Body = null
    Session Attrs = {org.springframework.security.web.csrf.HttpSessionCsrfTokenRepository.CSRF_TOKEN=org.springframework.security.web.csrf.DefaultCsrfToken@1199d5a, SPRING_SECURITY_CONTEXT=SecurityContextImpl [Authentication=UsernamePasswordAuthenticationToken [Principal=org.springframework.security.core.userdetails.User [Username=user, Password=[PROTECTED], Enabled=true, AccountNonExpired=true, CredentialsNonExpired=true, AccountNonLocked=true, Granted Authorities=[ROLE_ADMIN]], Credentials=[PROTECTED], Authenticated=true, Details=null, Granted Authorities=[ROLE_ADMIN]]]}

Handler:
             Type = com.phildev.pcs.controllers.UserController
           Method = com.phildev.pcs.controllers.UserController#showUpdateForm(Integer, Model, Principal)

Async:
    Async started = false
     Async result = null

Resolved Exception:
             Type = null

ModelAndView:
        View name = user/update
             View = null
        Attribute = connectedUser
            value = user
        Attribute = user
            value = com.phildev.pcs.domain.User@47cee966
           errors = []

FlashMap:
       Attributes = null

MockHttpServletResponse:
           Status = 200
    Error message = null
          Headers = [Vary:"Origin", "Access-Control-Request-Method", "Access-Control-Request-Headers", Content-Language:"en", Content-Type:"text/html;charset=UTF-8", X-Content-Type-Options:"nosniff", X-XSS-Protection:"0", Cache-Control:"no-cache, no-store, max-age=0, must-revalidate", Pragma:"no-cache", Expires:"0", X-Frame-Options:"DENY"]
     Content type = text/html;charset=UTF-8
             Body = <!DOCTYPE html>
<html xmlns="http://www.w3.org/1999/xhtml">
<head>
	<meta charset="utf-8"/>
	<title>PCS - Update User</title>
	<link rel="stylesheet" href="../../css/bootstrap.min.css" >
</head>
<body>
<div class="container">
	<div class="row">
		<div class="col-12 d-flex p-0">
			<a href="/bidList/list">Bid List</a>&nbsp;|&nbsp;
			<a href="/curvePoint/list">Curve Points</a>&nbsp;|&nbsp;
			<a href="/rating/list">Ratings</a>&nbsp;|&nbsp;
			<a href="/trade/list">Trade</a>&nbsp;|&nbsp;
			<a href="/ruleName/list">Rule</a>&nbsp;|&nbsp;
			<a href="/user/list">User list</a>
			<div class="ms-auto">Logged in user: <b>user</b>
			</div>
		</div>
	</div>
	<div class="row">
		<form action="/logout" method="POST" class="d-flex justify-content-end p-0"><input type="hidden" name="_csrf" value="iB9J_LY_g5JVMTEt-UraaPERn3Fa8_rzgFvg-l7GqYa61QKFuXp8yYBa56Z4V1QUnGfuWJUkskhpwMLe5mnUy272muLb5zLh"/>
			<input type="submit" value="Logout" />
		</form>
	</div>

	<div class="row">
		<h2>Update User</h2>
	</div>

	<div class="row">
		<form action="/user/update/2" method="post" class="form-horizontal" style="width: 100%"><input type="hidden" name="_csrf" value="iB9J_LY_g5JVMTEt-UraaPERn3Fa8_rzgFvg-l7GqYa61QKFuXp8yYBa56Z4V1QUnGfuWJUkskhpwMLe5mnUy272muLb5zLh"/>
			<div class="form-group">
				<label for="fullname" class="col-sm-2 control-label">Full Name</label>
				<div class="col-sm-10">
					<input type="text" id="fullname" placeholder="Full Name" class="col-4" name="fullName" value="User">
					
				</div>
			</div>
			<div class="form-group">
				<label for="username" class="col-sm-2 control-label">User Name</label>
				<div class="col-sm-10">
					<input type="text" id="username" placeholder="User Name" class="col-4" name="username" value="usertest">
					
				</div>
			</div>
			<div class="form-group">
				<label for="password" class="col-sm-2 control-label">Password</label>
				<div class="col-sm-10">
					<input type="password" id="password" placeholder="Password" class="col-4" name="password" value="">
					
					
				</div>
			</div>
			<div class="form-group">
				<label for="password" class="col-sm-2 control-label">Role</label>
				<div class="col-sm-10">
					<label class="checkbox-inline"><input type="radio" value="ADMIN" id="role1" name="role">Admin</label>
					<label class="checkbox-inline"><input type="radio" value="USER" id="role2" name="role" checked="checked">User</label>
				</div>
			</div>


			<div class="form-group">
				<div class="col-sm-12">
					<input type="hidden" id="id" name="id" value="2">
					<a class="btn btn-danger btn-sm" href="/user/list">Cancel</a>
					<input class="btn btn-primary btn-sm" type="submit" value="Update User">
				</div>
			</div>

		</form>
	</div>
	<div class="row">
		<div class="d-flex justify-content-end p-0">
			<img src="/images/pcs-banner.PNG" alt="pcs logo" class="img-fluid col-4 col-md-2 ms-auto"/>
		</div>
	</div>

</div>
</body>
</html>
    Forwarded URL = null
   Redirected URL = null
          Cookies = []
]]></system-out>
  </testcase>
  <testcase name="testExistingFullNameWithAdminRole" classname="com.phildev.pcs.UserControllerTest" time="0.017">
    <system-out><![CDATA[Hibernate: select u1_0.id,u1_0.fullname,u1_0.password,u1_0.role,u1_0.username from users u1_0 where u1_0.username=?
Hibernate: select u1_0.id,u1_0.fullname,u1_0.password,u1_0.role,u1_0.username from users u1_0 where u1_0.fullname=?
Hibernate: select u1_0.id,u1_0.fullname,u1_0.password,u1_0.role,u1_0.username from users u1_0 where u1_0.username=?
Hibernate: select u1_0.id,u1_0.fullname,u1_0.password,u1_0.role,u1_0.username from users u1_0 where u1_0.fullname=?
]]></system-out>
  </testcase>
  <testcase name="testDeletingUserWithAdminRole" classname="com.phildev.pcs.UserControllerTest" time="0.097">
    <system-out><![CDATA[Hibernate: select u1_0.id,u1_0.fullname,u1_0.password,u1_0.role,u1_0.username from users u1_0 where u1_0.username=?
Hibernate: select u1_0.id,u1_0.fullname,u1_0.password,u1_0.role,u1_0.username from users u1_0 where u1_0.fullname=?
Hibernate: insert into users (fullname,password,role,username) values (?,?,?,?)
Hibernate: select u1_0.id,u1_0.fullname,u1_0.password,u1_0.role,u1_0.username from users u1_0
Hibernate: select u1_0.id,u1_0.fullname,u1_0.password,u1_0.role,u1_0.username from users u1_0
Hibernate: select u1_0.id,u1_0.fullname,u1_0.password,u1_0.role,u1_0.username from users u1_0 where u1_0.id=?
Hibernate: delete from users where id=?
Hibernate: select u1_0.id,u1_0.fullname,u1_0.password,u1_0.role,u1_0.username from users u1_0
Hibernate: select u1_0.id,u1_0.fullname,u1_0.password,u1_0.role,u1_0.username from users u1_0 where u1_0.username=?
]]></system-out>
  </testcase>
  <testcase name="testCreatingUserWithAdminRole" classname="com.phildev.pcs.UserControllerTest" time="0.074">
    <system-out><![CDATA[Hibernate: select u1_0.id,u1_0.fullname,u1_0.password,u1_0.role,u1_0.username from users u1_0 where u1_0.username=?
Hibernate: select u1_0.id,u1_0.fullname,u1_0.password,u1_0.role,u1_0.username from users u1_0 where u1_0.fullname=?
Hibernate: insert into users (fullname,password,role,username) values (?,?,?,?)
Hibernate: select u1_0.id,u1_0.fullname,u1_0.password,u1_0.role,u1_0.username from users u1_0
Hibernate: select u1_0.id,u1_0.fullname,u1_0.password,u1_0.role,u1_0.username from users u1_0 where u1_0.username=?
]]></system-out>
  </testcase>
  <testcase name="testUpdatingUserWithAdminRole" classname="com.phildev.pcs.UserControllerTest" time="0.16">
    <system-out><![CDATA[Hibernate: select u1_0.id,u1_0.fullname,u1_0.password,u1_0.role,u1_0.username from users u1_0 where u1_0.username=?
Hibernate: select u1_0.id,u1_0.fullname,u1_0.password,u1_0.role,u1_0.username from users u1_0 where u1_0.fullname=?
Hibernate: insert into users (fullname,password,role,username) values (?,?,?,?)
Hibernate: select u1_0.id,u1_0.fullname,u1_0.password,u1_0.role,u1_0.username from users u1_0
Hibernate: select u1_0.id,u1_0.fullname,u1_0.password,u1_0.role,u1_0.username from users u1_0
Hibernate: select u1_0.id,u1_0.fullname,u1_0.password,u1_0.role,u1_0.username from users u1_0 where u1_0.id=?
Hibernate: update users set fullname=?,password=?,role=?,username=? where id=?
Hibernate: select u1_0.id,u1_0.fullname,u1_0.password,u1_0.role,u1_0.username from users u1_0
Hibernate: select u1_0.id,u1_0.fullname,u1_0.password,u1_0.role,u1_0.username from users u1_0 where u1_0.id=?
]]></system-out>
  </testcase>
  <testcase name="testAccessToUserListForAdminUser" classname="com.phildev.pcs.UserControllerTest" time="0.012">
    <system-out><![CDATA[Hibernate: select u1_0.id,u1_0.fullname,u1_0.password,u1_0.role,u1_0.username from users u1_0
]]></system-out>
  </testcase>
  <testcase name="testForbiddenAccessToAddUserPageForUserRole" classname="com.phildev.pcs.UserControllerTest" time="0.002"/>
</testsuite>