<?xml version="1.0" encoding="UTF-8"?>
<testsuite xmlns:xsi="http://www.w3.org/2001/XMLSchema-instance" xsi:noNamespaceSchemaLocation="https://maven.apache.org/surefire/maven-surefire-plugin/xsd/surefire-test-report-3.0.xsd" version="3.0" name="com.phildev.pcs.CurvePointTests" time="15.685" tests="1" errors="0" skipped="0" failures="0">
  <properties>
[...]
</properties>
  <testcase name="curvePointTest" classname="com.phildev.pcs.CurvePointTests" time="1.375">
    <system-out><![CDATA[21:43:25.590 [main] INFO org.springframework.test.context.support.AnnotationConfigContextLoaderUtils -- Could not detect default configuration classes for test class [com.phildev.pcs.CurvePointTests]: CurvePointTests does not declare any static, non-private, non-final, nested classes annotated with @Configuration.
21:43:26.039 [main] INFO org.springframework.boot.test.context.SpringBootTestContextBootstrapper -- Found @SpringBootConfiguration com.phildev.pcs.Application for test class com.phildev.pcs.CurvePointTests
21:43:26.799 [main] INFO org.springframework.boot.devtools.restart.RestartApplicationListener -- Restart disabled due to context in which it is running

  .   ____          _            __ _ _
 /\\ / ___'_ __ _ _(_)_ __  __ _ \ \ \ \
( ( )\___ | '_ | '_| | '_ \/ _` | \ \ \ \
 \\/  ___)| |_)| | | | | || (_| |  ) ) ) )
  '  |____| .__|_| |_|_| |_\__, | / / / /
 =========|_|==============|___/=/_/_/_/
 :: Spring Boot ::                (v3.2.4)

2024-04-08T21:43:27.788+02:00  INFO 5404 --- [           main] com.phildev.pcs.CurvePointTests          : Starting CurvePointTests using Java 21.0.1 with PID 5404 (started by B294LQ in C:\Users\B294LQ\OneDrive - AXA\Desktop\Formation Java\Projet 7\PCS-PM\Poseidon-PM)
2024-04-08T21:43:27.792+02:00  INFO 5404 --- [           main] com.phildev.pcs.CurvePointTests          : No active profile set, falling back to 1 default profile: "default"
2024-04-08T21:43:30.385+02:00  INFO 5404 --- [           main] .s.d.r.c.RepositoryConfigurationDelegate : Bootstrapping Spring Data JPA repositories in DEFAULT mode.
2024-04-08T21:43:30.533+02:00  INFO 5404 --- [           main] .s.d.r.c.RepositoryConfigurationDelegate : Finished Spring Data repository scanning in 128 ms. Found 6 JPA repository interfaces.
2024-04-08T21:43:31.901+02:00  INFO 5404 --- [           main] o.hibernate.jpa.internal.util.LogHelper  : HHH000204: Processing PersistenceUnitInfo [name: default]
2024-04-08T21:43:32.142+02:00  INFO 5404 --- [           main] org.hibernate.Version                    : HHH000412: Hibernate ORM core version 6.4.4.Final
2024-04-08T21:43:32.277+02:00  INFO 5404 --- [           main] o.h.c.internal.RegionFactoryInitiator    : HHH000026: Second-level cache disabled
2024-04-08T21:43:33.031+02:00  INFO 5404 --- [           main] o.s.o.j.p.SpringPersistenceUnitInfo      : No LoadTimeWeaver setup: ignoring JPA class transformer
2024-04-08T21:43:33.111+02:00  INFO 5404 --- [           main] com.zaxxer.hikari.HikariDataSource       : HikariPool-1 - Starting...
2024-04-08T21:43:33.877+02:00  INFO 5404 --- [           main] com.zaxxer.hikari.pool.HikariPool        : HikariPool-1 - Added connection com.mysql.cj.jdbc.ConnectionImpl@67feb5d0
2024-04-08T21:43:33.885+02:00  INFO 5404 --- [           main] com.zaxxer.hikari.HikariDataSource       : HikariPool-1 - Start completed.
2024-04-08T21:43:36.514+02:00  INFO 5404 --- [           main] o.h.e.t.j.p.i.JtaPlatformInitiator       : HHH000489: No JTA platform available (set 'hibernate.transaction.jta.platform' to enable JTA platform integration)
Hibernate: drop table if exists bidlist
Hibernate: drop table if exists curvepoint
Hibernate: drop table if exists rating
Hibernate: drop table if exists rulename
Hibernate: drop table if exists trade
Hibernate: drop table if exists users
Hibernate: create table bidlist (ask float(53), ask_quantity float(53), bid float(53), bid_list_id integer not null auto_increment, bid_quantity float(53), revision_date time(6), bid_list_date datetime(6), creation_date datetime(6), account varchar(255), benchmark varchar(255), book varchar(255), commentary varchar(255), creation_name varchar(255), deal_name varchar(255), deal_type varchar(255), revision_name varchar(255), security varchar(255), side varchar(255), source_list_id varchar(255), status varchar(255), trader varchar(255), type varchar(255), primary key (bid_list_id)) engine=InnoDB
Hibernate: create table curvepoint (curve_id integer, id integer not null auto_increment, term float(53), value float(53), as_of_date datetime(6), creation_date datetime(6), primary key (id)) engine=InnoDB
Hibernate: create table rating (id integer not null auto_increment, order_number integer not null, fitch_rating varchar(255), moodys_rating varchar(255), sandprating varchar(255), primary key (id)) engine=InnoDB
Hibernate: create table rulename (id integer not null auto_increment, description varchar(255), json varchar(255), name varchar(255), sql_part varchar(255), sql_str varchar(255), template varchar(255), primary key (id)) engine=InnoDB
Hibernate: create table trade (buy_price float(53), buy_quantity float(53), sell_price float(53), sell_quantity float(53), trade_id integer not null auto_increment, creation_date datetime(6), revision_date datetime(6), trade_date datetime(6), account varchar(255), benchmark varchar(255), book varchar(255), creation_name varchar(255), deal_name varchar(255), deal_type varchar(255), revision_name varchar(255), security varchar(255), side varchar(255), source_list_id varchar(255), status varchar(255), trader varchar(255), type varchar(255), primary key (trade_id)) engine=InnoDB
Hibernate: create table users (id integer not null auto_increment, fullname varchar(255), password varchar(255), role varchar(255), username varchar(255), primary key (id)) engine=InnoDB
2024-04-08T21:43:36.749+02:00  INFO 5404 --- [           main] j.LocalContainerEntityManagerFactoryBean : Initialized JPA EntityManagerFactory for persistence unit 'default'
2024-04-08T21:43:37.487+02:00  WARN 5404 --- [           main] JpaBaseConfiguration$JpaWebConfiguration : spring.jpa.open-in-view is enabled by default. Therefore, database queries may be performed during view rendering. Explicitly configure spring.jpa.open-in-view to disable this warning
2024-04-08T21:43:38.175+02:00  INFO 5404 --- [           main] o.s.s.web.DefaultSecurityFilterChain     : Will secure any request with [org.springframework.security.web.session.DisableEncodeUrlFilter@71e393a2, org.springframework.security.web.context.request.async.WebAsyncManagerIntegrationFilter@424159f, org.springframework.security.web.context.SecurityContextHolderFilter@5db93afa, org.springframework.security.web.header.HeaderWriterFilter@4868a657, org.springframework.web.filter.CorsFilter@7fd8b289, org.springframework.security.web.csrf.CsrfFilter@498055a9, org.springframework.security.web.authentication.logout.LogoutFilter@e5d4db4, org.springframework.security.web.authentication.UsernamePasswordAuthenticationFilter@67488c90, org.springframework.security.web.session.ConcurrentSessionFilter@1501b99a, org.springframework.security.web.savedrequest.RequestCacheAwareFilter@7f761f3c, org.springframework.security.web.servletapi.SecurityContextHolderAwareRequestFilter@2be1f991, org.springframework.security.web.authentication.AnonymousAuthenticationFilter@40c65f8d, org.springframework.security.web.session.SessionManagementFilter@a1dbbf4, org.springframework.security.web.access.ExceptionTranslationFilter@3e12ea7f, org.springframework.security.web.access.intercept.AuthorizationFilter@68af530a]
2024-04-08T21:43:38.187+02:00  WARN 5404 --- [           main] o.s.s.c.a.web.builders.WebSecurity       : You are asking Spring Security to ignore Ant [pattern='/css/**']. This is not recommended -- please use permitAll via HttpSecurity#authorizeHttpRequests instead.
2024-04-08T21:43:38.187+02:00  INFO 5404 --- [           main] o.s.s.web.DefaultSecurityFilterChain     : Will not secure Ant [pattern='/css/**']
2024-04-08T21:43:38.188+02:00  WARN 5404 --- [           main] o.s.s.c.a.web.builders.WebSecurity       : You are asking Spring Security to ignore Ant [pattern='/images/**']. This is not recommended -- please use permitAll via HttpSecurity#authorizeHttpRequests instead.
2024-04-08T21:43:38.188+02:00  INFO 5404 --- [           main] o.s.s.web.DefaultSecurityFilterChain     : Will not secure Ant [pattern='/images/**']
2024-04-08T21:43:38.188+02:00  WARN 5404 --- [           main] o.s.s.c.a.web.builders.WebSecurity       : You are asking Spring Security to ignore Ant [pattern='/js/**']. This is not recommended -- please use permitAll via HttpSecurity#authorizeHttpRequests instead.
2024-04-08T21:43:38.188+02:00  INFO 5404 --- [           main] o.s.s.web.DefaultSecurityFilterChain     : Will not secure Ant [pattern='/js/**']
2024-04-08T21:43:39.108+02:00  INFO 5404 --- [           main] com.phildev.pcs.CurvePointTests          : Started CurvePointTests in 12.357 seconds (process running for 16.319)
Hibernate: insert into curvepoint (curve_id,as_of_date,creation_date,term,value) values (?,?,?,?,?)
Hibernate: select cp1_0.id,cp1_0.curve_id,cp1_0.as_of_date,cp1_0.creation_date,cp1_0.term,cp1_0.value from curvepoint cp1_0 where cp1_0.id=?
Hibernate: update curvepoint set curve_id=?,as_of_date=?,creation_date=?,term=?,value=? where id=?
Hibernate: select cp1_0.id,cp1_0.curve_id,cp1_0.as_of_date,cp1_0.creation_date,cp1_0.term,cp1_0.value from curvepoint cp1_0
Hibernate: select cp1_0.id,cp1_0.curve_id,cp1_0.as_of_date,cp1_0.creation_date,cp1_0.term,cp1_0.value from curvepoint cp1_0 where cp1_0.id=?
Hibernate: delete from curvepoint where id=?
Hibernate: select cp1_0.id,cp1_0.curve_id,cp1_0.as_of_date,cp1_0.creation_date,cp1_0.term,cp1_0.value from curvepoint cp1_0 where cp1_0.id=?
]]></system-out>
    <system-err><![CDATA[WARNING: A Java agent has been loaded dynamically (C:\Users\B294LQ\.m2\repository\net\bytebuddy\byte-buddy-agent\1.14.12\byte-buddy-agent-1.14.12.jar)
WARNING: If a serviceability tool is in use, please run with -XX:+EnableDynamicAgentLoading to hide this warning
WARNING: If a serviceability tool is not in use, please run with -Djdk.instrument.traceUsage for more information
WARNING: Dynamic loading of agents will be disallowed by default in a future release
]]></system-err>
  </testcase>
</testsuite>