<?xml version="1.0" encoding="UTF-8"?>
<testsuite xmlns:xsi="http://www.w3.org/2001/XMLSchema-instance" xsi:noNamespaceSchemaLocation="https://maven.apache.org/surefire/maven-surefire-plugin/xsd/surefire-test-report-3.0.xsd" version="3.0" name="com.phildev.pcs.BidTest" time="11.999" tests="4" errors="0" skipped="0" failures="0">
  <properties>
[...]
</properties>
  <testcase name="bidListSearchTest" classname="com.phildev.pcs.BidTest" time="0.979">
    <system-out><![CDATA[11:55:39.658 [main] INFO org.springframework.test.context.support.AnnotationConfigContextLoaderUtils -- Could not detect default configuration classes for test class [com.phildev.pcs.BidTest]: BidTest does not declare any static, non-private, non-final, nested classes annotated with @Configuration.
11:55:39.908 [main] INFO org.springframework.boot.test.context.SpringBootTestContextBootstrapper -- Found @SpringBootConfiguration com.phildev.pcs.Application for test class com.phildev.pcs.BidTest
11:55:40.409 [main] INFO org.springframework.boot.devtools.restart.RestartApplicationListener -- Restart disabled due to context in which it is running

  .   ____          _            __ _ _
 /\\ / ___'_ __ _ _(_)_ __  __ _ \ \ \ \
( ( )\___ | '_ | '_| | '_ \/ _` | \ \ \ \
 \\/  ___)| |_)| | | | | || (_| |  ) ) ) )
  '  |____| .__|_| |_|_| |_\__, | / / / /
 =========|_|==============|___/=/_/_/_/
 :: Spring Boot ::                (v3.2.4)

2024-04-12T11:55:41.127+02:00  INFO 13492 --- [           main] com.phildev.pcs.BidTest                  : Starting BidTest using Java 21.0.1 with PID 13492 (started by B294LQ in C:\Users\B294LQ\OneDrive - AXA\Desktop\Formation Java\Projet 7\PCS-PM\Poseidon-PM)
2024-04-12T11:55:41.129+02:00  INFO 13492 --- [           main] com.phildev.pcs.BidTest                  : No active profile set, falling back to 1 default profile: "default"
2024-04-12T11:55:43.087+02:00  INFO 13492 --- [           main] .s.d.r.c.RepositoryConfigurationDelegate : Bootstrapping Spring Data JPA repositories in DEFAULT mode.
2024-04-12T11:55:43.201+02:00  INFO 13492 --- [           main] .s.d.r.c.RepositoryConfigurationDelegate : Finished Spring Data repository scanning in 98 ms. Found 6 JPA repository interfaces.
2024-04-12T11:55:44.125+02:00  INFO 13492 --- [           main] o.hibernate.jpa.internal.util.LogHelper  : HHH000204: Processing PersistenceUnitInfo [name: default]
2024-04-12T11:55:44.266+02:00  INFO 13492 --- [           main] org.hibernate.Version                    : HHH000412: Hibernate ORM core version 6.4.4.Final
2024-04-12T11:55:44.348+02:00  INFO 13492 --- [           main] o.h.c.internal.RegionFactoryInitiator    : HHH000026: Second-level cache disabled
2024-04-12T11:55:44.872+02:00  INFO 13492 --- [           main] o.s.o.j.p.SpringPersistenceUnitInfo      : No LoadTimeWeaver setup: ignoring JPA class transformer
2024-04-12T11:55:44.923+02:00  INFO 13492 --- [           main] com.zaxxer.hikari.HikariDataSource       : HikariPool-1 - Starting...
2024-04-12T11:55:45.557+02:00  INFO 13492 --- [           main] com.zaxxer.hikari.pool.HikariPool        : HikariPool-1 - Added connection com.mysql.cj.jdbc.ConnectionImpl@302d0419
2024-04-12T11:55:45.560+02:00  INFO 13492 --- [           main] com.zaxxer.hikari.HikariDataSource       : HikariPool-1 - Start completed.
2024-04-12T11:55:47.548+02:00  INFO 13492 --- [           main] o.h.e.t.j.p.i.JtaPlatformInitiator       : HHH000489: No JTA platform available (set 'hibernate.transaction.jta.platform' to enable JTA platform integration)
Hibernate: drop table if exists bidlist
Hibernate: drop table if exists curvepoint
Hibernate: drop table if exists rating
Hibernate: drop table if exists rulename
Hibernate: drop table if exists trade
Hibernate: drop table if exists users
Hibernate: create table bidlist (ask float(53), ask_quantity float(53), bid float(53), bid_list_id integer not null auto_increment, bid_quantity float(53), revision_date time(6), bid_list_date datetime(6), creation_date datetime(6), account varchar(255), benchmark varchar(255), book varchar(255), commentary varchar(255), creation_name varchar(255), deal_name varchar(255), deal_type varchar(255), revision_name varchar(255), security varchar(255), side varchar(255), source_list_id varchar(255), status varchar(255), trader varchar(255), type varchar(255), primary key (bid_list_id)) engine=InnoDB
Hibernate: create table curvepoint (curve_id integer check (curve_id>=1), id integer not null auto_increment, term float(53), value float(53), as_of_date datetime(6), creation_date datetime(6), primary key (id)) engine=InnoDB
Hibernate: create table rating (id integer not null auto_increment, order_number integer not null check (order_number>=1), fitch_rating varchar(255), moodys_rating varchar(255), sandprating varchar(255), primary key (id)) engine=InnoDB
Hibernate: create table rulename (id integer not null auto_increment, description varchar(255), json varchar(255), name varchar(255), sql_part varchar(255), sql_str varchar(255), template varchar(255), primary key (id)) engine=InnoDB
Hibernate: create table trade (buy_price float(53), buy_quantity float(53), sell_price float(53), sell_quantity float(53), trade_id integer not null auto_increment, creation_date datetime(6), revision_date datetime(6), trade_date datetime(6), account varchar(255), benchmark varchar(255), book varchar(255), creation_name varchar(255), deal_name varchar(255), deal_type varchar(255), revision_name varchar(255), security varchar(255), side varchar(255), source_list_id varchar(255), status varchar(255), trader varchar(255), type varchar(255), primary key (trade_id)) engine=InnoDB
Hibernate: create table users (id integer not null auto_increment, fullname varchar(255), password varchar(255), role varchar(255), username varchar(255), primary key (id)) engine=InnoDB
2024-04-12T11:55:47.755+02:00  INFO 13492 --- [           main] j.LocalContainerEntityManagerFactoryBean : Initialized JPA EntityManagerFactory for persistence unit 'default'
2024-04-12T11:55:48.431+02:00  INFO 13492 --- [           main] o.s.d.j.r.query.QueryEnhancerFactory     : Hibernate is in classpath; If applicable, HQL parser will be used.
2024-04-12T11:55:49.111+02:00  WARN 13492 --- [           main] JpaBaseConfiguration$JpaWebConfiguration : spring.jpa.open-in-view is enabled by default. Therefore, database queries may be performed during view rendering. Explicitly configure spring.jpa.open-in-view to disable this warning
2024-04-12T11:55:49.625+02:00  INFO 13492 --- [           main] o.s.s.web.DefaultSecurityFilterChain     : Will secure any request with [org.springframework.security.web.session.DisableEncodeUrlFilter@f6c9514, org.springframework.security.web.context.request.async.WebAsyncManagerIntegrationFilter@30a73214, org.springframework.security.web.context.SecurityContextHolderFilter@7bca7915, org.springframework.security.web.header.HeaderWriterFilter@2172d09e, org.springframework.web.filter.CorsFilter@21fe8a00, org.springframework.security.web.csrf.CsrfFilter@7608f21f, org.springframework.security.web.authentication.logout.LogoutFilter@2498eb25, org.springframework.security.web.authentication.UsernamePasswordAuthenticationFilter@6df227da, org.springframework.security.web.session.ConcurrentSessionFilter@6247c5e8, org.springframework.security.web.savedrequest.RequestCacheAwareFilter@6b22be33, org.springframework.security.web.servletapi.SecurityContextHolderAwareRequestFilter@5ffa3e1, org.springframework.security.web.authentication.AnonymousAuthenticationFilter@69b1313, org.springframework.security.web.session.SessionManagementFilter@f5932ab, org.springframework.security.web.access.ExceptionTranslationFilter@28953549, org.springframework.security.web.access.intercept.AuthorizationFilter@1069a876]
2024-04-12T11:55:49.631+02:00  WARN 13492 --- [           main] o.s.s.c.a.web.builders.WebSecurity       : You are asking Spring Security to ignore Ant [pattern='/css/**']. This is not recommended -- please use permitAll via HttpSecurity#authorizeHttpRequests instead.
2024-04-12T11:55:49.632+02:00  INFO 13492 --- [           main] o.s.s.web.DefaultSecurityFilterChain     : Will not secure Ant [pattern='/css/**']
2024-04-12T11:55:49.633+02:00  WARN 13492 --- [           main] o.s.s.c.a.web.builders.WebSecurity       : You are asking Spring Security to ignore Ant [pattern='/images/**']. This is not recommended -- please use permitAll via HttpSecurity#authorizeHttpRequests instead.
2024-04-12T11:55:49.634+02:00  INFO 13492 --- [           main] o.s.s.web.DefaultSecurityFilterChain     : Will not secure Ant [pattern='/images/**']
2024-04-12T11:55:49.634+02:00  WARN 13492 --- [           main] o.s.s.c.a.web.builders.WebSecurity       : You are asking Spring Security to ignore Ant [pattern='/js/**']. This is not recommended -- please use permitAll via HttpSecurity#authorizeHttpRequests instead.
2024-04-12T11:55:49.634+02:00  INFO 13492 --- [           main] o.s.s.web.DefaultSecurityFilterChain     : Will not secure Ant [pattern='/js/**']
2024-04-12T11:55:50.224+02:00  INFO 13492 --- [           main] com.phildev.pcs.BidTest                  : Started BidTest in 9.837 seconds (process running for 12.047)
Hibernate: insert into bidlist (account,ask,ask_quantity,benchmark,bid,bid_list_date,bid_quantity,book,commentary,creation_date,creation_name,deal_name,deal_type,revision_date,revision_name,security,side,source_list_id,status,trader,type) values (?,?,?,?,?,?,?,?,?,?,?,?,?,?,?,?,?,?,?,?,?)
Hibernate: select bl1_0.bid_list_id,bl1_0.account,bl1_0.ask,bl1_0.ask_quantity,bl1_0.benchmark,bl1_0.bid,bl1_0.bid_list_date,bl1_0.bid_quantity,bl1_0.book,bl1_0.commentary,bl1_0.creation_date,bl1_0.creation_name,bl1_0.deal_name,bl1_0.deal_type,bl1_0.revision_date,bl1_0.revision_name,bl1_0.security,bl1_0.side,bl1_0.source_list_id,bl1_0.status,bl1_0.trader,bl1_0.type from bidlist bl1_0
]]></system-out>
    <system-err><![CDATA[WARNING: A Java agent has been loaded dynamically (C:\Users\B294LQ\.m2\repository\net\bytebuddy\byte-buddy-agent\1.14.12\byte-buddy-agent-1.14.12.jar)
WARNING: If a serviceability tool is in use, please run with -XX:+EnableDynamicAgentLoading to hide this warning
WARNING: If a serviceability tool is not in use, please run with -Djdk.instrument.traceUsage for more information
WARNING: Dynamic loading of agents will be disallowed by default in a future release
]]></system-err>
  </testcase>
  <testcase name="bidListUpdateTest" classname="com.phildev.pcs.BidTest" time="0.013">
    <system-out><![CDATA[Hibernate: insert into bidlist (account,ask,ask_quantity,benchmark,bid,bid_list_date,bid_quantity,book,commentary,creation_date,creation_name,deal_name,deal_type,revision_date,revision_name,security,side,source_list_id,status,trader,type) values (?,?,?,?,?,?,?,?,?,?,?,?,?,?,?,?,?,?,?,?,?)
]]></system-out>
  </testcase>
  <testcase name="bidListSaveTest" classname="com.phildev.pcs.BidTest" time="0.01">
    <system-out><![CDATA[Hibernate: insert into bidlist (account,ask,ask_quantity,benchmark,bid,bid_list_date,bid_quantity,book,commentary,creation_date,creation_name,deal_name,deal_type,revision_date,revision_name,security,side,source_list_id,status,trader,type) values (?,?,?,?,?,?,?,?,?,?,?,?,?,?,?,?,?,?,?,?,?)
]]></system-out>
  </testcase>
  <testcase name="bidListDeleteTest" classname="com.phildev.pcs.BidTest" time="0.047">
    <system-out><![CDATA[Hibernate: insert into bidlist (account,ask,ask_quantity,benchmark,bid,bid_list_date,bid_quantity,book,commentary,creation_date,creation_name,deal_name,deal_type,revision_date,revision_name,security,side,source_list_id,status,trader,type) values (?,?,?,?,?,?,?,?,?,?,?,?,?,?,?,?,?,?,?,?,?)
Hibernate: select bl1_0.bid_list_id,bl1_0.account,bl1_0.ask,bl1_0.ask_quantity,bl1_0.benchmark,bl1_0.bid,bl1_0.bid_list_date,bl1_0.bid_quantity,bl1_0.book,bl1_0.commentary,bl1_0.creation_date,bl1_0.creation_name,bl1_0.deal_name,bl1_0.deal_type,bl1_0.revision_date,bl1_0.revision_name,bl1_0.security,bl1_0.side,bl1_0.source_list_id,bl1_0.status,bl1_0.trader,bl1_0.type from bidlist bl1_0 where bl1_0.bid_list_id=?
Hibernate: delete from bidlist where bid_list_id=?
Hibernate: select bl1_0.bid_list_id,bl1_0.account,bl1_0.ask,bl1_0.ask_quantity,bl1_0.benchmark,bl1_0.bid,bl1_0.bid_list_date,bl1_0.bid_quantity,bl1_0.book,bl1_0.commentary,bl1_0.creation_date,bl1_0.creation_name,bl1_0.deal_name,bl1_0.deal_type,bl1_0.revision_date,bl1_0.revision_name,bl1_0.security,bl1_0.side,bl1_0.source_list_id,bl1_0.status,bl1_0.trader,bl1_0.type from bidlist bl1_0 where bl1_0.bid_list_id=?
]]></system-out>
  </testcase>
</testsuite>